#
# There is insufficient memory for the Java Runtime Environment to continue.
# Native memory allocation (mmap) failed to map 244318208 bytes for committing reserved memory.
# Possible reasons:
#   The system is out of physical RAM or swap space
#   The process is running with CompressedOops enabled, and the Java Heap may be blocking the growth of the native heap
# Possible solutions:
#   Reduce memory load on the system
#   Increase physical memory or swap space
#   Check if swap backing store is full
#   Decrease Java heap size (-Xmx/-Xms)
#   Decrease number of Java threads
#   Decrease Java thread stack sizes (-Xss)
#   Set larger code cache with -XX:ReservedCodeCacheSize=
#   JVM is running with Unscaled Compressed Oops mode in which the Java heap is
#     placed in the first 4GB address space. The Java Heap base address is the
#     maximum limit for the native heap growth. Please use -XX:HeapBaseMinAddress
#     to set the Java Heap base and to place the Java Heap above 4GB virtual address.
# This output file may be truncated or incomplete.
#
#  Out of Memory Error (os_linux.cpp:2706), pid=11808, tid=11821
#
# JRE version: Java(TM) SE Runtime Environment (10.0.2+13) (build 10.0.2+13)
# Java VM: Java HotSpot(TM) 64-Bit Server VM (10.0.2+13, mixed mode, tiered, compressed oops, g1 gc, linux-amd64)
# Core dump will be written. Default location: Core dumps may be processed with "/usr/share/apport/apport %p %s %c %d %P" (or dumping to /home/nafee/Desktop/Efficient-Server-Placing/Undergrad Thesis Code/core.11808)
#

---------------  S U M M A R Y ------------

Command Line: -ea -javaagent:/snap/intellij-idea-ultimate/64/lib/idea_rt.jar=37695:/snap/intellij-idea-ultimate/64/bin -Dfile.encoding=UTF-8 driver.Driver

Host: Intel(R) Core(TM) i3-4030U CPU @ 1.90GHz, 4 cores, 7G, Ubuntu 18.04 LTS
Time: Sun Jul 29 00:04:54 2018 +06 elapsed time: 460 seconds (0d 0h 7m 40s)

---------------  T H R E A D  ---------------

Current thread (0x00007f64e0152800):  VMThread "VM Thread" [stack: 0x00007f64c431d000,0x00007f64c441d000] [id=11821]

Stack: [0x00007f64c431d000,0x00007f64c441d000],  sp=0x00007f64c441afc0,  free space=1015k
Native frames: (J=compiled Java code, A=aot compiled Java code, j=interpreted, Vv=VM code, C=native code)
V  [libjvm.so+0xdf5452]  VMError::report_and_die(int, char const*, char const*, __va_list_tag*, Thread*, unsigned char*, void*, void*, char const*, int, unsigned long)+0x162
V  [libjvm.so+0xdf60fb]  VMError::report_and_die(Thread*, char const*, int, unsigned long, VMErrorType, char const*, __va_list_tag*)+0x2b
V  [libjvm.so+0x6a7c28]  report_vm_out_of_memory(char const*, int, unsigned long, VMErrorType, char const*, ...)+0xd8
V  [libjvm.so+0xbff759]  os::pd_commit_memory_or_exit(char*, unsigned long, unsigned long, bool, char const*)+0xe9
V  [libjvm.so+0xbf7e1d]  os::commit_memory_or_exit(char*, unsigned long, unsigned long, bool, char const*)+0x1d
V  [libjvm.so+0x7ceab2]  G1PageBasedVirtualSpace::commit_preferred_pages(unsigned long, unsigned long)+0x62
V  [libjvm.so+0x7ced9e]  G1PageBasedVirtualSpace::commit(unsigned long, unsigned long)+0x11e
V  [libjvm.so+0x7d1ed6]  G1RegionsLargerThanCommitSizeMapper::commit_regions(unsigned int, unsigned long, WorkGang*)+0x46
V  [libjvm.so+0x86453c]  HeapRegionManager::commit_regions(unsigned int, unsigned long, WorkGang*)+0x7c
V  [libjvm.so+0x8650b4]  HeapRegionManager::make_regions_available(unsigned int, unsigned int, WorkGang*)+0x34
V  [libjvm.so+0x8655d1]  HeapRegionManager::expand_by(unsigned int, WorkGang*)+0x71
V  [libjvm.so+0x781f77]  G1CollectedHeap::expand(unsigned long, WorkGang*, double*)+0xd7
V  [libjvm.so+0x7861b2]  G1CollectedHeap::do_collection_pause_at_safepoint(double)+0xd92
V  [libjvm.so+0xe07ca2]  VM_G1IncCollectionPause::doit()+0x82
V  [libjvm.so+0xe06c1a]  VM_Operation::evaluate()+0x19a
V  [libjvm.so+0xe043d5]  VMThread::evaluate_operation(VM_Operation*)+0xc5
V  [libjvm.so+0xe04a8f]  VMThread::loop()+0x27f
V  [libjvm.so+0xe050f2]  VMThread::run()+0x72
V  [libjvm.so+0xc05392]  thread_native_entry(Thread*)+0xf2

VM_Operation (0x00007f64e8481330): G1IncCollectionPause, mode: safepoint, requested by thread 0x00007f64e0012800


---------------  P R O C E S S  ---------------

Threads class SMR info:
_java_thread_list=0x00007f64e0449020, length=13, elements={
0x00007f64e0012800, 0x00007f64e015c800, 0x00007f64e015e800, 0x00007f64e0171000,
0x00007f64e0173000, 0x00007f64e0175000, 0x00007f64e0177000, 0x00007f64e0179000,
0x00007f64e022c000, 0x00007f64e0294000, 0x00007f64e0294800, 0x00007f64e042f800,
0x00007f64e038c800
}

Java Threads: ( => current thread )
  0x00007f64e0012800 JavaThread "main" [_thread_blocked, id=11809, stack(0x00007f64e8382000,0x00007f64e8483000)]
  0x00007f64e015c800 JavaThread "Reference Handler" daemon [_thread_blocked, id=11822, stack(0x00007f64c421a000,0x00007f64c431b000)]
  0x00007f64e015e800 JavaThread "Finalizer" daemon [_thread_blocked, id=11823, stack(0x00007f64c4119000,0x00007f64c421a000)]
  0x00007f64e0171000 JavaThread "Signal Dispatcher" daemon [_thread_blocked, id=11837, stack(0x00007f64c4018000,0x00007f64c4119000)]
  0x00007f64e0173000 JavaThread "C2 CompilerThread0" daemon [_thread_blocked, id=11838, stack(0x00007f64b413f000,0x00007f64b4240000)]
  0x00007f64e0175000 JavaThread "C2 CompilerThread1" daemon [_thread_blocked, id=11839, stack(0x00007f64b403e000,0x00007f64b413f000)]
  0x00007f64e0177000 JavaThread "C1 CompilerThread2" daemon [_thread_blocked, id=11840, stack(0x00007f64a8cdc000,0x00007f64a8ddd000)]
  0x00007f64e0179000 JavaThread "Sweeper thread" daemon [_thread_blocked, id=11841, stack(0x00007f64a8bdb000,0x00007f64a8cdc000)]
  0x00007f64e022c000 JavaThread "Common-Cleaner" daemon [_thread_blocked, id=11853, stack(0x00007f64a8ada000,0x00007f64a8bdb000)]
  0x00007f64e0294000 JavaThread "Monitor Ctrl-Break" daemon [_thread_in_native, id=11854, stack(0x00007f64a85b1000,0x00007f64a86b2000)]
  0x00007f64e0294800 JavaThread "Service Thread" daemon [_thread_blocked, id=11855, stack(0x00007f64a84b0000,0x00007f64a85b1000)]
  0x00007f64e042f800 JavaThread "Java2D Disposer" daemon [_thread_blocked, id=11912, stack(0x00007f64a80ac000,0x00007f64a81ad000)]
  0x00007f64e038c800 JavaThread "AWT-XAWT" daemon [_thread_blocked, id=11915, stack(0x00007f645a2cf000,0x00007f645a3d0000)]

Other Threads:
=>0x00007f64e0152800 VMThread "VM Thread" [stack: 0x00007f64c431d000,0x00007f64c441d000] [id=11821]
  0x00007f64e0296800 WatcherThread [stack: 0x00007f64a83b0000,0x00007f64a84b0000] [id=11856]
  0x00007f64e002b000 GCTaskThread "GC Thread#0" [stack: 0x00007f64e4698000,0x00007f64e4798000] [id=11810]
  0x00007f64e002c800 GCTaskThread "GC Thread#1" [stack: 0x00007f64e4596000,0x00007f64e4696000] [id=11811]
  0x00007f64e002e000 GCTaskThread "GC Thread#2" [stack: 0x00007f64e4494000,0x00007f64e4594000] [id=11812]
  0x00007f64e0030000 GCTaskThread "GC Thread#3" [stack: 0x00007f64e4392000,0x00007f64e4492000] [id=11813]
  0x00007f64e0059800 ConcurrentGCThread "G1 Main Marker" [stack: 0x00007f64c4ea5000,0x00007f64c4fa5000] [id=11814]
  0x00007f64e005b000 ConcurrentGCThread "G1 Conc#0" [stack: 0x00007f64c4da3000,0x00007f64c4ea3000] [id=11815]
  0x00007f64e00c3000 ConcurrentGCThread "G1 Refine#0" [stack: 0x00007f64c489d000,0x00007f64c499d000] [id=11816]
  0x00007f64e00c5000 ConcurrentGCThread "G1 Refine#1" [stack: 0x00007f64c479b000,0x00007f64c489b000] [id=11817]
  0x00007f64e00c6800 ConcurrentGCThread "G1 Refine#2" [stack: 0x00007f64c4699000,0x00007f64c4799000] [id=11818]
  0x00007f64e00c8800 ConcurrentGCThread "G1 Refine#3" [stack: 0x00007f64c4597000,0x00007f64c4697000] [id=11819]
  0x00007f64e00ca800 ConcurrentGCThread "G1 Young RemSet Sampling" [stack: 0x00007f64c4495000,0x00007f64c4595000] [id=11820]

Threads with active compile tasks:

VM state:at safepoint (normal execution)

VM Mutex/Monitor currently owned by a thread:  ([mutex/lock_event])
[0x00007f64e000ead0] Threads_lock - owner thread: 0x00007f64e0152800
[0x00007f64e000f070] Heap_lock - owner thread: 0x00007f64e0012800

Heap address: 0x0000000084800000, size: 1976 MB, Compressed Oops mode: 32-bit
Narrow klass base: 0x0000000000000000, Narrow klass shift: 3
Compressed class space size: 1073741824 Address: 0x0000000100000000

Heap:
 garbage-first heap   total 458752K, used 10778K [0x0000000084800000, 0x0000000100000000)
  region size 1024K, 2 young (2048K), 2 survivors (2048K)
 Metaspace       used 18723K, capacity 19194K, committed 19456K, reserved 1067008K
  class space    used 1727K, capacity 1976K, committed 2048K, reserved 1048576K
Heap Regions: E=young(eden), S=young(survivor), O=old, HS=humongous(starts), HC=humongous(continues), CS=collection set, F=free, A=archive, TS=gc time stamp, AC=allocation context, TAMS=top-at-mark-start (previous, next)
|   0|0x0000000084800000, 0x0000000084900000, 0x0000000084900000|100%| O|  |TS 16|AC  0|TAMS 0x0000000084800000, 0x0000000084800000|
|   1|0x0000000084900000, 0x0000000084a00000, 0x0000000084a00000|100%| O|  |TS 76|AC  0|TAMS 0x0000000084900000, 0x0000000084900000|
|   2|0x0000000084a00000, 0x0000000084b00000, 0x0000000084b00000|100%| O|  |TS 76|AC  0|TAMS 0x0000000084a00000, 0x0000000084a00000|
|   3|0x0000000084b00000, 0x0000000084c00000, 0x0000000084c00000|100%| O|  |TS 76|AC  0|TAMS 0x0000000084b00000, 0x0000000084b00000|
|   4|0x0000000084c00000, 0x0000000084d00000, 0x0000000084d00000|100%| O|  |TS124|AC  0|TAMS 0x0000000084c00000, 0x0000000084c00000|
|   5|0x0000000084d00000, 0x0000000084e00000, 0x0000000084e00000|100%| O|  |TS217|AC  0|TAMS 0x0000000084d00000, 0x0000000084d00000|
|   6|0x0000000084e00000, 0x0000000084f00000, 0x0000000084f00000|100%| O|  |TS388|AC  0|TAMS 0x0000000084e00000, 0x0000000084e00000|
|   7|0x0000000084f00000, 0x0000000085000000, 0x0000000085000000|100%| O|  |TS495|AC  0|TAMS 0x0000000084f00000, 0x0000000084f00000|
|   8|0x0000000085000000, 0x0000000085100000, 0x0000000085100000|100%| O|  |TS549|AC  0|TAMS 0x0000000085000000, 0x0000000085000000|
|   9|0x0000000085100000, 0x000000008513e000, 0x0000000085200000| 24%| O|  |TS729|AC  0|TAMS 0x0000000085100000, 0x0000000085100000|
|  10|0x0000000085200000, 0x0000000085200000, 0x0000000085300000|  0%| F|  |TS535|AC  0|TAMS 0x0000000085200000, 0x0000000085200000|
|  11|0x0000000085300000, 0x0000000085300000, 0x0000000085400000|  0%| F|  |TS535|AC  0|TAMS 0x0000000085300000, 0x0000000085300000|
|  12|0x0000000085400000, 0x0000000085400000, 0x0000000085500000|  0%| F|  |TS535|AC  0|TAMS 0x0000000085400000, 0x0000000085400000|
|  13|0x0000000085500000, 0x0000000085500000, 0x0000000085600000|  0%| F|  |TS535|AC  0|TAMS 0x0000000085500000, 0x0000000085500000|
|  14|0x0000000085600000, 0x0000000085600000, 0x0000000085700000|  0%| F|  |TS  0|AC  0|TAMS 0x0000000085600000, 0x0000000085600000|
|  15|0x0000000085700000, 0x0000000085700000, 0x0000000085800000|  0%| F|  |TS  0|AC  0|TAMS 0x0000000085700000, 0x0000000085700000|
|  16|0x0000000085800000, 0x0000000085800000, 0x0000000085900000|  0%| F|  |TS  0|AC  0|TAMS 0x0000000085800000, 0x0000000085800000|
|  17|0x0000000085900000, 0x0000000085900000, 0x0000000085a00000|  0%| F|  |TS  0|AC  0|TAMS 0x0000000085900000, 0x0000000085900000|
|  18|0x0000000085a00000, 0x0000000085a00000, 0x0000000085b00000|  0%| F|  |TS  0|AC  0|TAMS 0x0000000085a00000, 0x0000000085a00000|
|  19|0x0000000085b00000, 0x0000000085b00000, 0x0000000085c00000|  0%| F|  |TS  0|AC  0|TAMS 0x0000000085b00000, 0x0000000085b00000|
|  20|0x0000000085c00000, 0x0000000085c00000, 0x0000000085d00000|  0%| F|  |TS  0|AC  0|TAMS 0x0000000085c00000, 0x0000000085c00000|
|  21|0x0000000085d00000, 0x0000000085d00000, 0x0000000085e00000|  0%| F|  |TS  0|AC  0|TAMS 0x0000000085d00000, 0x0000000085d00000|
|  22|0x0000000085e00000, 0x0000000085e00000, 0x0000000085f00000|  0%| F|  |TS  0|AC  0|TAMS 0x0000000085e00000, 0x0000000085e00000|
|  23|0x0000000085f00000, 0x0000000085f00000, 0x0000000086000000|  0%| F|  |TS  0|AC  0|TAMS 0x0000000085f00000, 0x0000000085f00000|
|  24|0x0000000086000000, 0x0000000086000000, 0x0000000086100000|  0%| F|  |TS  0|AC  0|TAMS 0x0000000086000000, 0x0000000086000000|
|  25|0x0000000086100000, 0x0000000086100000, 0x0000000086200000|  0%| F|  |TS  0|AC  0|TAMS 0x0000000086100000, 0x0000000086100000|
|  26|0x0000000086200000, 0x0000000086200000, 0x0000000086300000|  0%| F|  |TS  0|AC  0|TAMS 0x0000000086200000, 0x0000000086200000|
|  27|0x0000000086300000, 0x0000000086300000, 0x0000000086400000|  0%| F|  |TS  0|AC  0|TAMS 0x0000000086300000, 0x0000000086300000|
|  28|0x0000000086400000, 0x0000000086400000, 0x0000000086500000|  0%| F|  |TS  0|AC  0|TAMS 0x0000000086400000, 0x0000000086400000|
|  29|0x0000000086500000, 0x0000000086500000, 0x0000000086600000|  0%| F|  |TS  0|AC  0|TAMS 0x0000000086500000, 0x0000000086500000|
|  30|0x0000000086600000, 0x0000000086600000, 0x0000000086700000|  0%| F|  |TS  0|AC  0|TAMS 0x0000000086600000, 0x0000000086600000|
|  31|0x0000000086700000, 0x0000000086700000, 0x0000000086800000|  0%| F|  |TS  0|AC  0|TAMS 0x0000000086700000, 0x0000000086700000|
|  32|0x0000000086800000, 0x0000000086800000, 0x0000000086900000|  0%| F|  |TS  0|AC  0|TAMS 0x0000000086800000, 0x0000000086800000|
|  33|0x0000000086900000, 0x0000000086900000, 0x0000000086a00000|  0%| F|  |TS  0|AC  0|TAMS 0x0000000086900000, 0x0000000086900000|
|  34|0x0000000086a00000, 0x0000000086a00000, 0x0000000086b00000|  0%| F|  |TS  0|AC  0|TAMS 0x0000000086a00000, 0x0000000086a00000|
|  35|0x0000000086b00000, 0x0000000086b00000, 0x0000000086c00000|  0%| F|  |TS  0|AC  0|TAMS 0x0000000086b00000, 0x0000000086b00000|
|  36|0x0000000086c00000, 0x0000000086c00000, 0x0000000086d00000|  0%| F|  |TS  0|AC  0|TAMS 0x0000000086c00000, 0x0000000086c00000|
|  37|0x0000000086d00000, 0x0000000086d00000, 0x0000000086e00000|  0%| F|  |TS  0|AC  0|TAMS 0x0000000086d00000, 0x0000000086d00000|
|  38|0x0000000086e00000, 0x0000000086e00000, 0x0000000086f00000|  0%| F|  |TS  0|AC  0|TAMS 0x0000000086e00000, 0x0000000086e00000|
|  39|0x0000000086f00000, 0x0000000086f00000, 0x0000000087000000|  0%| F|  |TS  0|AC  0|TAMS 0x0000000086f00000, 0x0000000086f00000|
|  40|0x0000000087000000, 0x0000000087000000, 0x0000000087100000|  0%| F|  |TS  0|AC  0|TAMS 0x0000000087000000, 0x0000000087000000|
|  41|0x0000000087100000, 0x0000000087100000, 0x0000000087200000|  0%| F|  |TS  0|AC  0|TAMS 0x0000000087100000, 0x0000000087100000|
|  42|0x0000000087200000, 0x0000000087200000, 0x0000000087300000|  0%| F|  |TS  0|AC  0|TAMS 0x0000000087200000, 0x0000000087200000|
|  43|0x0000000087300000, 0x0000000087300000, 0x0000000087400000|  0%| F|  |TS  0|AC  0|TAMS 0x0000000087300000, 0x0000000087300000|
|  44|0x0000000087400000, 0x0000000087400000, 0x0000000087500000|  0%| F|  |TS  0|AC  0|TAMS 0x0000000087400000, 0x0000000087400000|
|  45|0x0000000087500000, 0x0000000087500000, 0x0000000087600000|  0%| F|  |TS  0|AC  0|TAMS 0x0000000087500000, 0x0000000087500000|
|  46|0x0000000087600000, 0x0000000087600000, 0x0000000087700000|  0%| F|  |TS  0|AC  0|TAMS 0x0000000087600000, 0x0000000087600000|
|  47|0x0000000087700000, 0x0000000087700000, 0x0000000087800000|  0%| F|  |TS  0|AC  0|TAMS 0x0000000087700000, 0x0000000087700000|
|  48|0x0000000087800000, 0x0000000087800000, 0x0000000087900000|  0%| F|  |TS 15|AC  0|TAMS 0x0000000087800000, 0x0000000087800000|
|  49|0x0000000087900000, 0x0000000087900000, 0x0000000087a00000|  0%| F|  |TS 15|AC  0|TAMS 0x0000000087900000, 0x0000000087900000|
|  50|0x0000000087a00000, 0x0000000087a00000, 0x0000000087b00000|  0%| F|  |TS 14|AC  0|TAMS 0x0000000087a00000, 0x0000000087a00000|
|  51|0x0000000087b00000, 0x0000000087b00000, 0x0000000087c00000|  0%| F|  |TS 14|AC  0|TAMS 0x0000000087b00000, 0x0000000087b00000|
|  52|0x0000000087c00000, 0x0000000087c00000, 0x0000000087d00000|  0%| F|  |TS 14|AC  0|TAMS 0x0000000087c00000, 0x0000000087c00000|
|  53|0x0000000087d00000, 0x0000000087d00000, 0x0000000087e00000|  0%| F|  |TS 14|AC  0|TAMS 0x0000000087d00000, 0x0000000087d00000|
|  54|0x0000000087e00000, 0x0000000087e00000, 0x0000000087f00000|  0%| F|  |TS 14|AC  0|TAMS 0x0000000087e00000, 0x0000000087e00000|
|  55|0x0000000087f00000, 0x0000000087f00000, 0x0000000088000000|  0%| F|  |TS 14|AC  0|TAMS 0x0000000087f00000, 0x0000000087f00000|
|  56|0x0000000088000000, 0x0000000088000000, 0x0000000088100000|  0%| F|  |TS 14|AC  0|TAMS 0x0000000088000000, 0x0000000088000000|
|  57|0x0000000088100000, 0x0000000088100000, 0x0000000088200000|  0%| F|  |TS 14|AC  0|TAMS 0x0000000088100000, 0x0000000088100000|
|  58|0x0000000088200000, 0x0000000088200000, 0x0000000088300000|  0%| F|  |TS 14|AC  0|TAMS 0x0000000088200000, 0x0000000088200000|
|  59|0x0000000088300000, 0x0000000088300000, 0x0000000088400000|  0%| F|  |TS 19|AC  0|TAMS 0x0000000088300000, 0x0000000088300000|
|  60|0x0000000088400000, 0x0000000088400000, 0x0000000088500000|  0%| F|  |TS 18|AC  0|TAMS 0x0000000088400000, 0x0000000088400000|
|  61|0x0000000088500000, 0x0000000088500000, 0x0000000088600000|  0%| F|  |TS 18|AC  0|TAMS 0x0000000088500000, 0x0000000088500000|
|  62|0x0000000088600000, 0x0000000088600000, 0x0000000088700000|  0%| F|  |TS 18|AC  0|TAMS 0x0000000088600000, 0x0000000088600000|
|  63|0x0000000088700000, 0x0000000088700000, 0x0000000088800000|  0%| F|  |TS 18|AC  0|TAMS 0x0000000088700000, 0x0000000088700000|
|  64|0x0000000088800000, 0x0000000088800000, 0x0000000088900000|  0%| F|  |TS 18|AC  0|TAMS 0x0000000088800000, 0x0000000088800000|
|  65|0x0000000088900000, 0x0000000088900000, 0x0000000088a00000|  0%| F|  |TS 18|AC  0|TAMS 0x0000000088900000, 0x0000000088900000|
|  66|0x0000000088a00000, 0x0000000088a00000, 0x0000000088b00000|  0%| F|  |TS 18|AC  0|TAMS 0x0000000088a00000, 0x0000000088a00000|
|  67|0x0000000088b00000, 0x0000000088b00000, 0x0000000088c00000|  0%| F|  |TS 18|AC  0|TAMS 0x0000000088b00000, 0x0000000088b00000|
|  68|0x0000000088c00000, 0x0000000088c00000, 0x0000000088d00000|  0%| F|  |TS 18|AC  0|TAMS 0x0000000088c00000, 0x0000000088c00000|
|  69|0x0000000088d00000, 0x0000000088d00000, 0x0000000088e00000|  0%| F|  |TS 76|AC  0|TAMS 0x0000000088d00000, 0x0000000088d00000|
|  70|0x0000000088e00000, 0x0000000088e00000, 0x0000000088f00000|  0%| F|  |TS 76|AC  0|TAMS 0x0000000088e00000, 0x0000000088e00000|
|  71|0x0000000088f00000, 0x0000000088f00000, 0x0000000089000000|  0%| F|  |TS 75|AC  0|TAMS 0x0000000088f00000, 0x0000000088f00000|
|  72|0x0000000089000000, 0x0000000089000000, 0x0000000089100000|  0%| F|  |TS 76|AC  0|TAMS 0x0000000089000000, 0x0000000089000000|
|  73|0x0000000089100000, 0x0000000089100000, 0x0000000089200000|  0%| F|  |TS 75|AC  0|TAMS 0x0000000089100000, 0x0000000089100000|
|  74|0x0000000089200000, 0x0000000089200000, 0x0000000089300000|  0%| F|  |TS 75|AC  0|TAMS 0x0000000089200000, 0x0000000089200000|
|  75|0x0000000089300000, 0x0000000089300000, 0x0000000089400000|  0%| F|  |TS 75|AC  0|TAMS 0x0000000089300000, 0x0000000089300000|
|  76|0x0000000089400000, 0x0000000089400000, 0x0000000089500000|  0%| F|  |TS 75|AC  0|TAMS 0x0000000089400000, 0x0000000089400000|
|  77|0x0000000089500000, 0x0000000089500000, 0x0000000089600000|  0%| F|  |TS 75|AC  0|TAMS 0x0000000089500000, 0x0000000089500000|
|  78|0x0000000089600000, 0x0000000089600000, 0x0000000089700000|  0%| F|  |TS 75|AC  0|TAMS 0x0000000089600000, 0x0000000089600000|
|  79|0x0000000089700000, 0x0000000089700000, 0x0000000089800000|  0%| F|  |TS 75|AC  0|TAMS 0x0000000089700000, 0x0000000089700000|
|  80|0x0000000089800000, 0x0000000089800000, 0x0000000089900000|  0%| F|  |TS 75|AC  0|TAMS 0x0000000089800000, 0x0000000089800000|
|  81|0x0000000089900000, 0x0000000089900000, 0x0000000089a00000|  0%| F|  |TS 75|AC  0|TAMS 0x0000000089900000, 0x0000000089900000|
|  82|0x0000000089a00000, 0x0000000089a00000, 0x0000000089b00000|  0%| F|  |TS 75|AC  0|TAMS 0x0000000089a00000, 0x0000000089a00000|
|  83|0x0000000089b00000, 0x0000000089b00000, 0x0000000089c00000|  0%| F|  |TS 75|AC  0|TAMS 0x0000000089b00000, 0x0000000089b00000|
|  84|0x0000000089c00000, 0x0000000089c00000, 0x0000000089d00000|  0%| F|  |TS729|AC  0|TAMS 0x0000000089c00000, 0x0000000089c00000|
|  85|0x0000000089d00000, 0x0000000089d00000, 0x0000000089e00000|  0%| F|  |TS729|AC  0|TAMS 0x0000000089d00000, 0x0000000089d00000|
|  86|0x0000000089e00000, 0x0000000089e48940, 0x0000000089f00000| 28%| S|CS|TS729|AC  0|TAMS 0x0000000089e00000, 0x0000000089e00000|
|  87|0x0000000089f00000, 0x000000008a000000, 0x000000008a000000|100%| S|CS|TS729|AC  0|TAMS 0x0000000089f00000, 0x0000000089f00000|
|  88|0x000000008a000000, 0x000000008a000000, 0x000000008a100000|  0%| F|  |TS729|AC  0|TAMS 0x000000008a000000, 0x000000008a000000|
|  89|0x000000008a100000, 0x000000008a100000, 0x000000008a200000|  0%| F|  |TS729|AC  0|TAMS 0x000000008a100000, 0x000000008a100000|
|  90|0x000000008a200000, 0x000000008a200000, 0x000000008a300000|  0%| F|  |TS729|AC  0|TAMS 0x000000008a200000, 0x000000008a200000|
|  91|0x000000008a300000, 0x000000008a300000, 0x000000008a400000|  0%| F|  |TS729|AC  0|TAMS 0x000000008a300000, 0x000000008a300000|
|  92|0x000000008a400000, 0x000000008a400000, 0x000000008a500000|  0%| F|  |TS729|AC  0|TAMS 0x000000008a400000, 0x000000008a400000|
|  93|0x000000008a500000, 0x000000008a500000, 0x000000008a600000|  0%| F|  |TS729|AC  0|TAMS 0x000000008a500000, 0x000000008a500000|
|  94|0x000000008a600000, 0x000000008a600000, 0x000000008a700000|  0%| F|  |TS729|AC  0|TAMS 0x000000008a600000, 0x000000008a600000|
|  95|0x000000008a700000, 0x000000008a700000, 0x000000008a800000|  0%| F|  |TS729|AC  0|TAMS 0x000000008a700000, 0x000000008a700000|
|  96|0x000000008a800000, 0x000000008a800000, 0x000000008a900000|  0%| F|  |TS729|AC  0|TAMS 0x000000008a800000, 0x000000008a800000|
|  97|0x000000008a900000, 0x000000008a900000, 0x000000008aa00000|  0%| F|  |TS729|AC  0|TAMS 0x000000008a900000, 0x000000008a900000|
|  98|0x000000008aa00000, 0x000000008aa00000, 0x000000008ab00000|  0%| F|  |TS729|AC  0|TAMS 0x000000008aa00000, 0x000000008aa00000|
|  99|0x000000008ab00000, 0x000000008ab00000, 0x000000008ac00000|  0%| F|  |TS729|AC  0|TAMS 0x000000008ab00000, 0x000000008ab00000|
| 100|0x000000008ac00000, 0x000000008ac00000, 0x000000008ad00000|  0%| F|  |TS729|AC  0|TAMS 0x000000008ac00000, 0x000000008ac00000|
| 101|0x000000008ad00000, 0x000000008ad00000, 0x000000008ae00000|  0%| F|  |TS729|AC  0|TAMS 0x000000008ad00000, 0x000000008ad00000|
| 102|0x000000008ae00000, 0x000000008ae00000, 0x000000008af00000|  0%| F|  |TS729|AC  0|TAMS 0x000000008ae00000, 0x000000008ae00000|
| 103|0x000000008af00000, 0x000000008af00000, 0x000000008b000000|  0%| F|  |TS729|AC  0|TAMS 0x000000008af00000, 0x000000008af00000|
| 104|0x000000008b000000, 0x000000008b000000, 0x000000008b100000|  0%| F|  |TS729|AC  0|TAMS 0x000000008b000000, 0x000000008b000000|
| 105|0x000000008b100000, 0x000000008b100000, 0x000000008b200000|  0%| F|  |TS729|AC  0|TAMS 0x000000008b100000, 0x000000008b100000|
| 106|0x000000008b200000, 0x000000008b200000, 0x000000008b300000|  0%| F|  |TS729|AC  0|TAMS 0x000000008b200000, 0x000000008b200000|
| 107|0x000000008b300000, 0x000000008b300000, 0x000000008b400000|  0%| F|  |TS729|AC  0|TAMS 0x000000008b300000, 0x000000008b300000|
| 108|0x000000008b400000, 0x000000008b400000, 0x000000008b500000|  0%| F|  |TS729|AC  0|TAMS 0x000000008b400000, 0x000000008b400000|
| 109|0x000000008b500000, 0x000000008b500000, 0x000000008b600000|  0%| F|  |TS729|AC  0|TAMS 0x000000008b500000, 0x000000008b500000|
| 110|0x000000008b600000, 0x000000008b600000, 0x000000008b700000|  0%| F|  |TS729|AC  0|TAMS 0x000000008b600000, 0x000000008b600000|
| 111|0x000000008b700000, 0x000000008b700000, 0x000000008b800000|  0%| F|  |TS729|AC  0|TAMS 0x000000008b700000, 0x000000008b700000|
| 112|0x000000008b800000, 0x000000008b800000, 0x000000008b900000|  0%| F|  |TS729|AC  0|TAMS 0x000000008b800000, 0x000000008b800000|
| 113|0x000000008b900000, 0x000000008b900000, 0x000000008ba00000|  0%| F|  |TS729|AC  0|TAMS 0x000000008b900000, 0x000000008b900000|
| 114|0x000000008ba00000, 0x000000008ba00000, 0x000000008bb00000|  0%| F|  |TS729|AC  0|TAMS 0x000000008ba00000, 0x000000008ba00000|
| 115|0x000000008bb00000, 0x000000008bb00000, 0x000000008bc00000|  0%| F|  |TS729|AC  0|TAMS 0x000000008bb00000, 0x000000008bb00000|
| 116|0x000000008bc00000, 0x000000008bc00000, 0x000000008bd00000|  0%| F|  |TS729|AC  0|TAMS 0x000000008bc00000, 0x000000008bc00000|
| 117|0x000000008bd00000, 0x000000008bd00000, 0x000000008be00000|  0%| F|  |TS729|AC  0|TAMS 0x000000008bd00000, 0x000000008bd00000|
| 118|0x000000008be00000, 0x000000008be00000, 0x000000008bf00000|  0%| F|  |TS729|AC  0|TAMS 0x000000008be00000, 0x000000008be00000|
| 119|0x000000008bf00000, 0x000000008bf00000, 0x000000008c000000|  0%| F|  |TS729|AC  0|TAMS 0x000000008bf00000, 0x000000008bf00000|
| 120|0x000000008c000000, 0x000000008c000000, 0x000000008c100000|  0%| F|  |TS729|AC  0|TAMS 0x000000008c000000, 0x000000008c000000|
| 121|0x000000008c100000, 0x000000008c100000, 0x000000008c200000|  0%| F|  |TS729|AC  0|TAMS 0x000000008c100000, 0x000000008c100000|
| 122|0x000000008c200000, 0x000000008c200000, 0x000000008c300000|  0%| F|  |TS729|AC  0|TAMS 0x000000008c200000, 0x000000008c200000|
| 123|0x000000008c300000, 0x000000008c300000, 0x000000008c400000|  0%| F|  |TS729|AC  0|TAMS 0x000000008c300000, 0x000000008c300000|
| 124|0x000000008c400000, 0x000000008c400000, 0x000000008c500000|  0%| F|  |TS729|AC  0|TAMS 0x000000008c400000, 0x000000008c400000|
| 125|0x000000008c500000, 0x000000008c500000, 0x000000008c600000|  0%| F|  |TS729|AC  0|TAMS 0x000000008c500000, 0x000000008c500000|
| 126|0x000000008c600000, 0x000000008c600000, 0x000000008c700000|  0%| F|  |TS729|AC  0|TAMS 0x000000008c600000, 0x000000008c600000|
| 127|0x000000008c700000, 0x000000008c700000, 0x000000008c800000|  0%| F|  |TS729|AC  0|TAMS 0x000000008c700000, 0x000000008c700000|
| 128|0x000000008c800000, 0x000000008c800000, 0x000000008c900000|  0%| F|  |TS729|AC  0|TAMS 0x000000008c800000, 0x000000008c800000|
| 129|0x000000008c900000, 0x000000008c900000, 0x000000008ca00000|  0%| F|  |TS729|AC  0|TAMS 0x000000008c900000, 0x000000008c900000|
| 130|0x000000008ca00000, 0x000000008ca00000, 0x000000008cb00000|  0%| F|  |TS729|AC  0|TAMS 0x000000008ca00000, 0x000000008ca00000|
| 131|0x000000008cb00000, 0x000000008cb00000, 0x000000008cc00000|  0%| F|  |TS729|AC  0|TAMS 0x000000008cb00000, 0x000000008cb00000|
| 132|0x000000008cc00000, 0x000000008cc00000, 0x000000008cd00000|  0%| F|  |TS729|AC  0|TAMS 0x000000008cc00000, 0x000000008cc00000|
| 133|0x000000008cd00000, 0x000000008cd00000, 0x000000008ce00000|  0%| F|  |TS729|AC  0|TAMS 0x000000008cd00000, 0x000000008cd00000|
| 134|0x000000008ce00000, 0x000000008ce00000, 0x000000008cf00000|  0%| F|  |TS729|AC  0|TAMS 0x000000008ce00000, 0x000000008ce00000|
| 135|0x000000008cf00000, 0x000000008cf00000, 0x000000008d000000|  0%| F|  |TS729|AC  0|TAMS 0x000000008cf00000, 0x000000008cf00000|
| 136|0x000000008d000000, 0x000000008d000000, 0x000000008d100000|  0%| F|  |TS729|AC  0|TAMS 0x000000008d000000, 0x000000008d000000|
| 137|0x000000008d100000, 0x000000008d100000, 0x000000008d200000|  0%| F|  |TS729|AC  0|TAMS 0x000000008d100000, 0x000000008d100000|
| 138|0x000000008d200000, 0x000000008d200000, 0x000000008d300000|  0%| F|  |TS729|AC  0|TAMS 0x000000008d200000, 0x000000008d200000|
| 139|0x000000008d300000, 0x000000008d300000, 0x000000008d400000|  0%| F|  |TS729|AC  0|TAMS 0x000000008d300000, 0x000000008d300000|
| 140|0x000000008d400000, 0x000000008d400000, 0x000000008d500000|  0%| F|  |TS729|AC  0|TAMS 0x000000008d400000, 0x000000008d400000|
| 141|0x000000008d500000, 0x000000008d500000, 0x000000008d600000|  0%| F|  |TS729|AC  0|TAMS 0x000000008d500000, 0x000000008d500000|
| 142|0x000000008d600000, 0x000000008d600000, 0x000000008d700000|  0%| F|  |TS729|AC  0|TAMS 0x000000008d600000, 0x000000008d600000|
| 143|0x000000008d700000, 0x000000008d700000, 0x000000008d800000|  0%| F|  |TS729|AC  0|TAMS 0x000000008d700000, 0x000000008d700000|
| 144|0x000000008d800000, 0x000000008d800000, 0x000000008d900000|  0%| F|  |TS729|AC  0|TAMS 0x000000008d800000, 0x000000008d800000|
| 145|0x000000008d900000, 0x000000008d900000, 0x000000008da00000|  0%| F|  |TS729|AC  0|TAMS 0x000000008d900000, 0x000000008d900000|
| 146|0x000000008da00000, 0x000000008da00000, 0x000000008db00000|  0%| F|  |TS729|AC  0|TAMS 0x000000008da00000, 0x000000008da00000|
| 147|0x000000008db00000, 0x000000008db00000, 0x000000008dc00000|  0%| F|  |TS729|AC  0|TAMS 0x000000008db00000, 0x000000008db00000|
| 148|0x000000008dc00000, 0x000000008dc00000, 0x000000008dd00000|  0%| F|  |TS729|AC  0|TAMS 0x000000008dc00000, 0x000000008dc00000|
| 149|0x000000008dd00000, 0x000000008dd00000, 0x000000008de00000|  0%| F|  |TS729|AC  0|TAMS 0x000000008dd00000, 0x000000008dd00000|
| 150|0x000000008de00000, 0x000000008de00000, 0x000000008df00000|  0%| F|  |TS729|AC  0|TAMS 0x000000008de00000, 0x000000008de00000|
| 151|0x000000008df00000, 0x000000008df00000, 0x000000008e000000|  0%| F|  |TS729|AC  0|TAMS 0x000000008df00000, 0x000000008df00000|
| 152|0x000000008e000000, 0x000000008e000000, 0x000000008e100000|  0%| F|  |TS729|AC  0|TAMS 0x000000008e000000, 0x000000008e000000|
| 153|0x000000008e100000, 0x000000008e100000, 0x000000008e200000|  0%| F|  |TS729|AC  0|TAMS 0x000000008e100000, 0x000000008e100000|
| 154|0x000000008e200000, 0x000000008e200000, 0x000000008e300000|  0%| F|  |TS729|AC  0|TAMS 0x000000008e200000, 0x000000008e200000|
| 155|0x000000008e300000, 0x000000008e300000, 0x000000008e400000|  0%| F|  |TS729|AC  0|TAMS 0x000000008e300000, 0x000000008e300000|
| 156|0x000000008e400000, 0x000000008e400000, 0x000000008e500000|  0%| F|  |TS729|AC  0|TAMS 0x000000008e400000, 0x000000008e400000|
| 157|0x000000008e500000, 0x000000008e500000, 0x000000008e600000|  0%| F|  |TS729|AC  0|TAMS 0x000000008e500000, 0x000000008e500000|
| 158|0x000000008e600000, 0x000000008e600000, 0x000000008e700000|  0%| F|  |TS729|AC  0|TAMS 0x000000008e600000, 0x000000008e600000|
| 159|0x000000008e700000, 0x000000008e700000, 0x000000008e800000|  0%| F|  |TS729|AC  0|TAMS 0x000000008e700000, 0x000000008e700000|
| 160|0x000000008e800000, 0x000000008e800000, 0x000000008e900000|  0%| F|  |TS729|AC  0|TAMS 0x000000008e800000, 0x000000008e800000|
| 161|0x000000008e900000, 0x000000008e900000, 0x000000008ea00000|  0%| F|  |TS729|AC  0|TAMS 0x000000008e900000, 0x000000008e900000|
| 162|0x000000008ea00000, 0x000000008ea00000, 0x000000008eb00000|  0%| F|  |TS729|AC  0|TAMS 0x000000008ea00000, 0x000000008ea00000|
| 163|0x000000008eb00000, 0x000000008eb00000, 0x000000008ec00000|  0%| F|  |TS729|AC  0|TAMS 0x000000008eb00000, 0x000000008eb00000|
| 164|0x000000008ec00000, 0x000000008ec00000, 0x000000008ed00000|  0%| F|  |TS729|AC  0|TAMS 0x000000008ec00000, 0x000000008ec00000|
| 165|0x000000008ed00000, 0x000000008ed00000, 0x000000008ee00000|  0%| F|  |TS729|AC  0|TAMS 0x000000008ed00000, 0x000000008ed00000|
| 166|0x000000008ee00000, 0x000000008ee00000, 0x000000008ef00000|  0%| F|  |TS729|AC  0|TAMS 0x000000008ee00000, 0x000000008ee00000|
| 167|0x000000008ef00000, 0x000000008ef00000, 0x000000008f000000|  0%| F|  |TS729|AC  0|TAMS 0x000000008ef00000, 0x000000008ef00000|
| 168|0x000000008f000000, 0x000000008f000000, 0x000000008f100000|  0%| F|  |TS729|AC  0|TAMS 0x000000008f000000, 0x000000008f000000|
| 169|0x000000008f100000, 0x000000008f100000, 0x000000008f200000|  0%| F|  |TS729|AC  0|TAMS 0x000000008f100000, 0x000000008f100000|
| 170|0x000000008f200000, 0x000000008f200000, 0x000000008f300000|  0%| F|  |TS729|AC  0|TAMS 0x000000008f200000, 0x000000008f200000|
| 171|0x000000008f300000, 0x000000008f300000, 0x000000008f400000|  0%| F|  |TS729|AC  0|TAMS 0x000000008f300000, 0x000000008f300000|
| 172|0x000000008f400000, 0x000000008f400000, 0x000000008f500000|  0%| F|  |TS729|AC  0|TAMS 0x000000008f400000, 0x000000008f400000|
| 173|0x000000008f500000, 0x000000008f500000, 0x000000008f600000|  0%| F|  |TS729|AC  0|TAMS 0x000000008f500000, 0x000000008f500000|
| 174|0x000000008f600000, 0x000000008f600000, 0x000000008f700000|  0%| F|  |TS729|AC  0|TAMS 0x000000008f600000, 0x000000008f600000|
| 175|0x000000008f700000, 0x000000008f700000, 0x000000008f800000|  0%| F|  |TS729|AC  0|TAMS 0x000000008f700000, 0x000000008f700000|
| 176|0x000000008f800000, 0x000000008f800000, 0x000000008f900000|  0%| F|  |TS729|AC  0|TAMS 0x000000008f800000, 0x000000008f800000|
| 177|0x000000008f900000, 0x000000008f900000, 0x000000008fa00000|  0%| F|  |TS729|AC  0|TAMS 0x000000008f900000, 0x000000008f900000|
| 178|0x000000008fa00000, 0x000000008fa00000, 0x000000008fb00000|  0%| F|  |TS729|AC  0|TAMS 0x000000008fa00000, 0x000000008fa00000|
| 179|0x000000008fb00000, 0x000000008fb00000, 0x000000008fc00000|  0%| F|  |TS729|AC  0|TAMS 0x000000008fb00000, 0x000000008fb00000|
| 180|0x000000008fc00000, 0x000000008fc00000, 0x000000008fd00000|  0%| F|  |TS729|AC  0|TAMS 0x000000008fc00000, 0x000000008fc00000|
| 181|0x000000008fd00000, 0x000000008fd00000, 0x000000008fe00000|  0%| F|  |TS729|AC  0|TAMS 0x000000008fd00000, 0x000000008fd00000|
| 182|0x000000008fe00000, 0x000000008fe00000, 0x000000008ff00000|  0%| F|  |TS729|AC  0|TAMS 0x000000008fe00000, 0x000000008fe00000|
| 183|0x000000008ff00000, 0x000000008ff00000, 0x0000000090000000|  0%| F|  |TS729|AC  0|TAMS 0x000000008ff00000, 0x000000008ff00000|
| 184|0x0000000090000000, 0x0000000090000000, 0x0000000090100000|  0%| F|  |TS729|AC  0|TAMS 0x0000000090000000, 0x0000000090000000|
| 185|0x0000000090100000, 0x0000000090100000, 0x0000000090200000|  0%| F|  |TS729|AC  0|TAMS 0x0000000090100000, 0x0000000090100000|
| 186|0x0000000090200000, 0x0000000090200000, 0x0000000090300000|  0%| F|  |TS729|AC  0|TAMS 0x0000000090200000, 0x0000000090200000|
| 187|0x0000000090300000, 0x0000000090300000, 0x0000000090400000|  0%| F|  |TS729|AC  0|TAMS 0x0000000090300000, 0x0000000090300000|
| 188|0x0000000090400000, 0x0000000090400000, 0x0000000090500000|  0%| F|  |TS729|AC  0|TAMS 0x0000000090400000, 0x0000000090400000|
| 189|0x0000000090500000, 0x0000000090500000, 0x0000000090600000|  0%| F|  |TS729|AC  0|TAMS 0x0000000090500000, 0x0000000090500000|
| 190|0x0000000090600000, 0x0000000090600000, 0x0000000090700000|  0%| F|  |TS729|AC  0|TAMS 0x0000000090600000, 0x0000000090600000|
| 191|0x0000000090700000, 0x0000000090700000, 0x0000000090800000|  0%| F|  |TS729|AC  0|TAMS 0x0000000090700000, 0x0000000090700000|
| 192|0x0000000090800000, 0x0000000090800000, 0x0000000090900000|  0%| F|  |TS729|AC  0|TAMS 0x0000000090800000, 0x0000000090800000|
| 193|0x0000000090900000, 0x0000000090900000, 0x0000000090a00000|  0%| F|  |TS729|AC  0|TAMS 0x0000000090900000, 0x0000000090900000|
| 194|0x0000000090a00000, 0x0000000090a00000, 0x0000000090b00000|  0%| F|  |TS729|AC  0|TAMS 0x0000000090a00000, 0x0000000090a00000|
| 195|0x0000000090b00000, 0x0000000090b00000, 0x0000000090c00000|  0%| F|  |TS729|AC  0|TAMS 0x0000000090b00000, 0x0000000090b00000|
| 196|0x0000000090c00000, 0x0000000090c00000, 0x0000000090d00000|  0%| F|  |TS729|AC  0|TAMS 0x0000000090c00000, 0x0000000090c00000|
| 197|0x0000000090d00000, 0x0000000090d00000, 0x0000000090e00000|  0%| F|  |TS729|AC  0|TAMS 0x0000000090d00000, 0x0000000090d00000|
| 198|0x0000000090e00000, 0x0000000090e00000, 0x0000000090f00000|  0%| F|  |TS729|AC  0|TAMS 0x0000000090e00000, 0x0000000090e00000|
| 199|0x0000000090f00000, 0x0000000090f00000, 0x0000000091000000|  0%| F|  |TS729|AC  0|TAMS 0x0000000090f00000, 0x0000000090f00000|
| 200|0x0000000091000000, 0x0000000091000000, 0x0000000091100000|  0%| F|  |TS729|AC  0|TAMS 0x0000000091000000, 0x0000000091000000|
| 201|0x0000000091100000, 0x0000000091100000, 0x0000000091200000|  0%| F|  |TS729|AC  0|TAMS 0x0000000091100000, 0x0000000091100000|
| 202|0x0000000091200000, 0x0000000091200000, 0x0000000091300000|  0%| F|  |TS729|AC  0|TAMS 0x0000000091200000, 0x0000000091200000|
| 203|0x0000000091300000, 0x0000000091300000, 0x0000000091400000|  0%| F|  |TS729|AC  0|TAMS 0x0000000091300000, 0x0000000091300000|
| 204|0x0000000091400000, 0x0000000091400000, 0x0000000091500000|  0%| F|  |TS729|AC  0|TAMS 0x0000000091400000, 0x0000000091400000|
| 205|0x0000000091500000, 0x0000000091500000, 0x0000000091600000|  0%| F|  |TS729|AC  0|TAMS 0x0000000091500000, 0x0000000091500000|
| 206|0x0000000091600000, 0x0000000091600000, 0x0000000091700000|  0%| F|  |TS729|AC  0|TAMS 0x0000000091600000, 0x0000000091600000|
| 207|0x0000000091700000, 0x0000000091700000, 0x0000000091800000|  0%| F|  |TS729|AC  0|TAMS 0x0000000091700000, 0x0000000091700000|
| 208|0x0000000091800000, 0x0000000091800000, 0x0000000091900000|  0%| F|  |TS729|AC  0|TAMS 0x0000000091800000, 0x0000000091800000|
| 209|0x0000000091900000, 0x0000000091900000, 0x0000000091a00000|  0%| F|  |TS729|AC  0|TAMS 0x0000000091900000, 0x0000000091900000|
| 210|0x0000000091a00000, 0x0000000091a00000, 0x0000000091b00000|  0%| F|  |TS729|AC  0|TAMS 0x0000000091a00000, 0x0000000091a00000|
| 211|0x0000000091b00000, 0x0000000091b00000, 0x0000000091c00000|  0%| F|  |TS729|AC  0|TAMS 0x0000000091b00000, 0x0000000091b00000|
| 212|0x0000000091c00000, 0x0000000091c00000, 0x0000000091d00000|  0%| F|  |TS729|AC  0|TAMS 0x0000000091c00000, 0x0000000091c00000|
| 213|0x0000000091d00000, 0x0000000091d00000, 0x0000000091e00000|  0%| F|  |TS729|AC  0|TAMS 0x0000000091d00000, 0x0000000091d00000|
| 214|0x0000000091e00000, 0x0000000091e00000, 0x0000000091f00000|  0%| F|  |TS729|AC  0|TAMS 0x0000000091e00000, 0x0000000091e00000|

Card table byte_map: [0x00007f64c5381000,0x00007f64c575d000] byte_map_base: 0x00007f64c4f5d000

Marking Bits (Prev, Next): (CMBitMap*) 0x00007f64e00589b0, (CMBitMap*) 0x00007f64e00589e8
 Prev Bits: [0x00007f64b6120000, 0x00007f64b8000000)
 Next Bits: [0x00007f64b4240000, 0x00007f64b6120000)

Polling page: 0x00007f64e84a1000

CodeHeap 'non-profiled nmethods': size=120032Kb used=2015Kb max_used=2015Kb free=118016Kb
 bounds [0x00007f64cd702000, 0x00007f64cd972000, 0x00007f64d4c3a000]
CodeHeap 'profiled nmethods': size=120032Kb used=3364Kb max_used=4808Kb free=116667Kb
 bounds [0x00007f64c61ca000, 0x00007f64c668a000, 0x00007f64cd702000]
CodeHeap 'non-nmethods': size=5696Kb used=1253Kb max_used=1311Kb free=4442Kb
 bounds [0x00007f64c5c3a000, 0x00007f64c5eaa000, 0x00007f64c61ca000]
 total_blobs=4155 nmethods=2114 adapters=588
 compilation: enabled

Compilation events (10 events):
Event: 400.330 Thread 0x00007f64e0177000 2640       3       java.util.TimSort::mergeHi (732 bytes)
Event: 400.334 Thread 0x00007f64e0177000 nmethod 2640 0x00007f64c623b390 code [0x00007f64c623b720, 0x00007f64c623dab8]
Event: 408.159 Thread 0x00007f64e0175000 2641       4       java.util.ArrayList::sort (45 bytes)
Event: 408.166 Thread 0x00007f64e0175000 nmethod 2641 0x00007f64cd7d1110 code [0x00007f64cd7d12c0, 0x00007f64cd7d13f8]
Event: 416.793 Thread 0x00007f64e0173000 2642       4       java.util.Collections$CopiesList::toArray (30 bytes)
Event: 416.795 Thread 0x00007f64e0173000 nmethod 2642 0x00007f64cd7d0c90 code [0x00007f64cd7d0e40, 0x00007f64cd7d0fe8]
Event: 418.178 Thread 0x00007f64e0175000 2643 %     4       java.util.TimSort::mergeHi @ 191 (732 bytes)
Event: 418.227 Thread 0x00007f64e0175000 nmethod 2643% 0x00007f64cd89e410 code [0x00007f64cd89e640, 0x00007f64cd8a0098]
Event: 421.604 Thread 0x00007f64e0173000 2644       4       java.util.TimSort::mergeHi (732 bytes)
Event: 421.675 Thread 0x00007f64e0173000 nmethod 2644 0x00007f64cd901390 code [0x00007f64cd9015c0, 0x00007f64cd903478]

GC Heap History (10 events):
Event: 457.924 GC heap after
{Heap after GC invocations=724 (full 0):
 garbage-first heap   total 220160K, used 10720K [0x0000000084800000, 0x0000000100000000)
  region size 1024K, 2 young (2048K), 2 survivors (2048K)
 Metaspace       used 18723K, capacity 19194K, committed 19456K, reserved 1067008K
  class space    used 1727K, capacity 1976K, committed 2048K, reserved 1048576K
}
Event: 458.179 GC heap before
{Heap before GC invocations=724 (full 0):
 garbage-first heap   total 220160K, used 140768K [0x0000000084800000, 0x0000000100000000)
  region size 1024K, 129 young (132096K), 2 survivors (2048K)
 Metaspace       used 18723K, capacity 19194K, committed 19456K, reserved 1067008K
  class space    used 1727K, capacity 1976K, committed 2048K, reserved 1048576K
}
Event: 458.182 GC heap after
{Heap after GC invocations=725 (full 0):
 garbage-first heap   total 220160K, used 10720K [0x0000000084800000, 0x0000000100000000)
  region size 1024K, 2 young (2048K), 2 survivors (2048K)
 Metaspace       used 18723K, capacity 19194K, committed 19456K, reserved 1067008K
  class space    used 1727K, capacity 1976K, committed 2048K, reserved 1048576K
}
Event: 458.459 GC heap before
{Heap before GC invocations=725 (full 0):
 garbage-first heap   total 220160K, used 140768K [0x0000000084800000, 0x0000000100000000)
  region size 1024K, 129 young (132096K), 2 survivors (2048K)
 Metaspace       used 18723K, capacity 19194K, committed 19456K, reserved 1067008K
  class space    used 1727K, capacity 1976K, committed 2048K, reserved 1048576K
}
Event: 458.462 GC heap after
{Heap after GC invocations=726 (full 0):
 garbage-first heap   total 220160K, used 10720K [0x0000000084800000, 0x0000000100000000)
  region size 1024K, 2 young (2048K), 2 survivors (2048K)
 Metaspace       used 18723K, capacity 19194K, committed 19456K, reserved 1067008K
  class space    used 1727K, capacity 1976K, committed 2048K, reserved 1048576K
}
Event: 458.727 GC heap before
{Heap before GC invocations=726 (full 0):
 garbage-first heap   total 220160K, used 140768K [0x0000000084800000, 0x0000000100000000)
  region size 1024K, 129 young (132096K), 2 survivors (2048K)
 Metaspace       used 18723K, capacity 19194K, committed 19456K, reserved 1067008K
  class space    used 1727K, capacity 1976K, committed 2048K, reserved 1048576K
}
Event: 458.729 GC heap after
{Heap after GC invocations=727 (full 0):
 garbage-first heap   total 220160K, used 10720K [0x0000000084800000, 0x0000000100000000)
  region size 1024K, 2 young (2048K), 2 survivors (2048K)
 Metaspace       used 18723K, capacity 19194K, committed 19456K, reserved 1067008K
  class space    used 1727K, capacity 1976K, committed 2048K, reserved 1048576K
}
Event: 458.984 GC heap before
{Heap before GC invocations=727 (full 0):
 garbage-first heap   total 220160K, used 140768K [0x0000000084800000, 0x0000000100000000)
  region size 1024K, 129 young (132096K), 2 survivors (2048K)
 Metaspace       used 18723K, capacity 19194K, committed 19456K, reserved 1067008K
  class space    used 1727K, capacity 1976K, committed 2048K, reserved 1048576K
}
Event: 458.987 GC heap after
{Heap after GC invocations=728 (full 0):
 garbage-first heap   total 220160K, used 10720K [0x0000000084800000, 0x0000000100000000)
  region size 1024K, 2 young (2048K), 2 survivors (2048K)
 Metaspace       used 18723K, capacity 19194K, committed 19456K, reserved 1067008K
  class space    used 1727K, capacity 1976K, committed 2048K, reserved 1048576K
}
Event: 459.255 GC heap before
{Heap before GC invocations=728 (full 0):
 garbage-first heap   total 220160K, used 140768K [0x0000000084800000, 0x0000000100000000)
  region size 1024K, 129 young (132096K), 2 survivors (2048K)
 Metaspace       used 18723K, capacity 19194K, committed 19456K, reserved 1067008K
  class space    used 1727K, capacity 1976K, committed 2048K, reserved 1048576K
}

Deoptimization events (10 events):
Event: 215.155 Thread 0x00007f64e0012800 Uncommon trap: reason=unstable_if action=reinterpret pc=0x00007f64cd8562ac method=sun.java2d.marlin.DRenderer.addLine(DDDD)V @ 153 c2
Event: 215.155 Thread 0x00007f64e0012800 Uncommon trap: reason=unstable_if action=reinterpret pc=0x00007f64cd857c54 method=sun.java2d.marlin.DRenderer.copyAARow([IIIIZ)V @ 2 c2
Event: 215.334 Thread 0x00007f64e0012800 Uncommon trap: reason=class_check action=maybe_recompile pc=0x00007f64cd7775bc method=java.util.HashSet.iterator()Ljava/util/Iterator; @ 4 c2
Event: 216.034 Thread 0x00007f64e0012800 Uncommon trap: reason=unstable_if action=reinterpret pc=0x00007f64cd76ce30 method=java.util.ArrayDeque.grow(I)V @ 9 c2
Event: 225.247 Thread 0x00007f64e0012800 Uncommon trap: reason=intrinsic_or_type_checked_inlining action=make_not_entrant pc=0x00007f64cd8a5a6c method=java.util.ArrayList.toArray([Ljava/lang/Object;)[Ljava/lang/Object; @ 36 c2
Event: 228.292 Thread 0x00007f64e0012800 Uncommon trap: reason=unstable_if action=reinterpret pc=0x00007f64cd89fa38 method=java.util.TimSort.mergeLo(IIII)V @ 354 c2
Event: 263.764 Thread 0x00007f64e0012800 Uncommon trap: reason=unstable_if action=reinterpret pc=0x00007f64cd85e070 method=sun.java2d.marlin.DStroker.lineTo(DDZ)V @ 40 c2
Event: 339.536 Thread 0x00007f64e0012800 Uncommon trap: reason=unstable_if action=reinterpret pc=0x00007f64cd86fbb4 method=java.util.HashMap.putVal(ILjava/lang/Object;Ljava/lang/Object;ZZ)Ljava/lang/Object; @ 162 c2
Event: 383.463 Thread 0x00007f64e0012800 Uncommon trap: reason=unstable_if action=reinterpret pc=0x00007f64cd8786ec method=java.util.Random.nextInt(I)I @ 58 c2
Event: 399.698 Thread 0x00007f64e0012800 Uncommon trap: reason=unstable_if action=reinterpret pc=0x00007f64cd8936f8 method=java.util.TimSort.mergeHi(IIII)V @ 426 c2

Classes redefined (0 events):
No events

Internal exceptions (10 events):
Event: 209.900 Thread 0x00007f64e0012800 Exception <a 'java/io/FileNotFoundException'{0x000000008b0a5750}> (0x000000008b0a5750) thrown at [/scratch/opt/mach5/mesos/work_dir/slaves/c4ee7e63-1ded-4e8c-9581-ce26f27e3af4-S497/frameworks/1735e8a2-a1db-478c-8104-60c8b0af87dd-0196/executors/5297d4ef-73
Event: 209.900 Thread 0x00007f64e0012800 Exception <a 'java/io/FileNotFoundException'{0x000000008b0a6c88}> (0x000000008b0a6c88) thrown at [/scratch/opt/mach5/mesos/work_dir/slaves/c4ee7e63-1ded-4e8c-9581-ce26f27e3af4-S497/frameworks/1735e8a2-a1db-478c-8104-60c8b0af87dd-0196/executors/5297d4ef-73
Event: 209.900 Thread 0x00007f64e0012800 Exception <a 'java/io/FileNotFoundException'{0x000000008b0a7d58}> (0x000000008b0a7d58) thrown at [/scratch/opt/mach5/mesos/work_dir/slaves/c4ee7e63-1ded-4e8c-9581-ce26f27e3af4-S497/frameworks/1735e8a2-a1db-478c-8104-60c8b0af87dd-0196/executors/5297d4ef-73
Event: 209.900 Thread 0x00007f64e0012800 Exception <a 'java/io/FileNotFoundException'{0x000000008b0a96c0}> (0x000000008b0a96c0) thrown at [/scratch/opt/mach5/mesos/work_dir/slaves/c4ee7e63-1ded-4e8c-9581-ce26f27e3af4-S497/frameworks/1735e8a2-a1db-478c-8104-60c8b0af87dd-0196/executors/5297d4ef-73
Event: 209.900 Thread 0x00007f64e0012800 Exception <a 'java/io/FileNotFoundException'{0x000000008b0aa6c8}> (0x000000008b0aa6c8) thrown at [/scratch/opt/mach5/mesos/work_dir/slaves/c4ee7e63-1ded-4e8c-9581-ce26f27e3af4-S497/frameworks/1735e8a2-a1db-478c-8104-60c8b0af87dd-0196/executors/5297d4ef-73
Event: 209.900 Thread 0x00007f64e0012800 Exception <a 'java/io/FileNotFoundException'{0x000000008b0ab6d0}> (0x000000008b0ab6d0) thrown at [/scratch/opt/mach5/mesos/work_dir/slaves/c4ee7e63-1ded-4e8c-9581-ce26f27e3af4-S497/frameworks/1735e8a2-a1db-478c-8104-60c8b0af87dd-0196/executors/5297d4ef-73
Event: 209.900 Thread 0x00007f64e0012800 Exception <a 'java/io/FileNotFoundException'{0x000000008b0acce0}> (0x000000008b0acce0) thrown at [/scratch/opt/mach5/mesos/work_dir/slaves/c4ee7e63-1ded-4e8c-9581-ce26f27e3af4-S497/frameworks/1735e8a2-a1db-478c-8104-60c8b0af87dd-0196/executors/5297d4ef-73
Event: 209.901 Thread 0x00007f64e0012800 Exception <a 'java/io/FileNotFoundException'{0x000000008b0add88}> (0x000000008b0add88) thrown at [/scratch/opt/mach5/mesos/work_dir/slaves/c4ee7e63-1ded-4e8c-9581-ce26f27e3af4-S497/frameworks/1735e8a2-a1db-478c-8104-60c8b0af87dd-0196/executors/5297d4ef-73
Event: 209.901 Thread 0x00007f64e0012800 Exception <a 'java/io/FileNotFoundException'{0x000000008b0af238}> (0x000000008b0af238) thrown at [/scratch/opt/mach5/mesos/work_dir/slaves/c4ee7e63-1ded-4e8c-9581-ce26f27e3af4-S497/frameworks/1735e8a2-a1db-478c-8104-60c8b0af87dd-0196/executors/5297d4ef-73
Event: 209.901 Thread 0x00007f64e0012800 Exception <a 'java/io/FileNotFoundException'{0x000000008b0b06e8}> (0x000000008b0b06e8) thrown at [/scratch/opt/mach5/mesos/work_dir/slaves/c4ee7e63-1ded-4e8c-9581-ce26f27e3af4-S497/frameworks/1735e8a2-a1db-478c-8104-60c8b0af87dd-0196/executors/5297d4ef-73

Events (10 events):
Event: 457.924 Executing VM operation: G1IncCollectionPause done
Event: 458.179 Executing VM operation: G1IncCollectionPause
Event: 458.182 Executing VM operation: G1IncCollectionPause done
Event: 458.459 Executing VM operation: G1IncCollectionPause
Event: 458.462 Executing VM operation: G1IncCollectionPause done
Event: 458.726 Executing VM operation: G1IncCollectionPause
Event: 458.729 Executing VM operation: G1IncCollectionPause done
Event: 458.984 Executing VM operation: G1IncCollectionPause
Event: 458.987 Executing VM operation: G1IncCollectionPause done
Event: 459.255 Executing VM operation: G1IncCollectionPause


Dynamic libraries:
00400000-00401000 r-xp 00000000 08:0b 1187309                            /usr/lib/jvm/java-10-oracle/bin/java
00600000-00601000 rw-p 00000000 08:0b 1187309                            /usr/lib/jvm/java-10-oracle/bin/java
01afe000-01b1f000 rw-p 00000000 00:00 0                                  [heap]
84800000-91f00000 rw-p 00000000 00:00 0 
a0800000-100000000 ---p 00000000 00:00 0 
100000000-100200000 rw-p 00000000 00:00 0 
100200000-140000000 ---p 00000000 00:00 0 
7f6444000000-7f6444021000 rw-p 00000000 00:00 0 
7f6444021000-7f6448000000 ---p 00000000 00:00 0 
7f6448000000-7f6448021000 rw-p 00000000 00:00 0 
7f6448021000-7f644c000000 ---p 00000000 00:00 0 
7f644c000000-7f644c021000 rw-p 00000000 00:00 0 
7f644c021000-7f6450000000 ---p 00000000 00:00 0 
7f6450000000-7f6450021000 rw-p 00000000 00:00 0 
7f6450021000-7f6454000000 ---p 00000000 00:00 0 
7f6454000000-7f6454021000 rw-p 00000000 00:00 0 
7f6454021000-7f6458000000 ---p 00000000 00:00 0 
7f64599a1000-7f6459aa1000 rw-p 00000000 00:00 0 
7f6459aa1000-7f6459ba1000 ---p 00000000 00:00 0 
7f6459ba1000-7f6459c0f000 r-xp 00000000 08:0b 1188027                    /usr/lib/jvm/java-10-oracle/lib/libt2k.so
7f6459c0f000-7f6459e0e000 ---p 0006e000 08:0b 1188027                    /usr/lib/jvm/java-10-oracle/lib/libt2k.so
7f6459e0e000-7f6459e15000 rw-p 0006d000 08:0b 1188027                    /usr/lib/jvm/java-10-oracle/lib/libt2k.so
7f6459e15000-7f6459e27000 rw-p 00000000 00:00 0 
7f645a0cf000-7f645a2cf000 rw-p 00000000 00:00 0 
7f645a2cf000-7f645a2d3000 ---p 00000000 00:00 0 
7f645a2d3000-7f645a3d0000 rw-p 00000000 00:00 0 
7f645a3d0000-7f645a3d5000 r-xp 00000000 08:0b 1184844                    /usr/lib/x86_64-linux-gnu/libXfixes.so.3.1.0
7f645a3d5000-7f645a5d4000 ---p 00005000 08:0b 1184844                    /usr/lib/x86_64-linux-gnu/libXfixes.so.3.1.0
7f645a5d4000-7f645a5d5000 r--p 00004000 08:0b 1184844                    /usr/lib/x86_64-linux-gnu/libXfixes.so.3.1.0
7f645a5d5000-7f645a5d6000 rw-p 00005000 08:0b 1184844                    /usr/lib/x86_64-linux-gnu/libXfixes.so.3.1.0
7f645a5d6000-7f645a5df000 r-xp 00000000 08:0b 1184836                    /usr/lib/x86_64-linux-gnu/libXcursor.so.1.0.2
7f645a5df000-7f645a7de000 ---p 00009000 08:0b 1184836                    /usr/lib/x86_64-linux-gnu/libXcursor.so.1.0.2
7f645a7de000-7f645a7df000 r--p 00008000 08:0b 1184836                    /usr/lib/x86_64-linux-gnu/libXcursor.so.1.0.2
7f645a7df000-7f645a7e0000 rw-p 00009000 08:0b 1184836                    /usr/lib/x86_64-linux-gnu/libXcursor.so.1.0.2
7f645a7e0000-7f645a7e1000 ---p 00000000 00:00 0 
7f645a7e1000-7f645afe1000 rw-p 00000000 00:00 0 
7f645afe1000-7f645afe2000 ---p 00000000 00:00 0 
7f645afe2000-7f645b7e2000 rw-p 00000000 00:00 0 
7f645b7e2000-7f645b7e3000 ---p 00000000 00:00 0 
7f645b7e3000-7f645bfe3000 rw-p 00000000 00:00 0 
7f645bfe3000-7f645bfef000 r-xp 00000000 08:0b 1443645                    /usr/lib/x86_64-linux-gnu/gio/modules/libdconfsettings.so
7f645bfef000-7f645c1ee000 ---p 0000c000 08:0b 1443645                    /usr/lib/x86_64-linux-gnu/gio/modules/libdconfsettings.so
7f645c1ee000-7f645c1ef000 r--p 0000b000 08:0b 1443645                    /usr/lib/x86_64-linux-gnu/gio/modules/libdconfsettings.so
7f645c1ef000-7f645c1f0000 rw-p 0000c000 08:0b 1443645                    /usr/lib/x86_64-linux-gnu/gio/modules/libdconfsettings.so
7f645c1f0000-7f645c1f6000 r-xp 00000000 08:0b 915718                     /lib/x86_64-linux-gnu/libuuid.so.1.3.0
7f645c1f6000-7f645c3f5000 ---p 00006000 08:0b 915718                     /lib/x86_64-linux-gnu/libuuid.so.1.3.0
7f645c3f5000-7f645c3f6000 r--p 00005000 08:0b 915718                     /lib/x86_64-linux-gnu/libuuid.so.1.3.0
7f645c3f6000-7f645c3f7000 rw-p 00006000 08:0b 915718                     /lib/x86_64-linux-gnu/libuuid.so.1.3.0
7f645c3f7000-7f645c43e000 r-xp 00000000 08:0b 915735                     /lib/x86_64-linux-gnu/libblkid.so.1.1.0
7f645c43e000-7f645c63e000 ---p 00047000 08:0b 915735                     /lib/x86_64-linux-gnu/libblkid.so.1.1.0
7f645c63e000-7f645c642000 r--p 00047000 08:0b 915735                     /lib/x86_64-linux-gnu/libblkid.so.1.1.0
7f645c642000-7f645c643000 rw-p 0004b000 08:0b 915735                     /lib/x86_64-linux-gnu/libblkid.so.1.1.0
7f645c643000-7f645c644000 rw-p 00000000 00:00 0 
7f645c644000-7f645c6b4000 r-xp 00000000 08:0b 921543                     /lib/x86_64-linux-gnu/libpcre.so.3.13.3
7f645c6b4000-7f645c8b4000 ---p 00070000 08:0b 921543                     /lib/x86_64-linux-gnu/libpcre.so.3.13.3
7f645c8b4000-7f645c8b5000 r--p 00070000 08:0b 921543                     /lib/x86_64-linux-gnu/libpcre.so.3.13.3
7f645c8b5000-7f645c8b6000 rw-p 00071000 08:0b 921543                     /lib/x86_64-linux-gnu/libpcre.so.3.13.3
7f645c8b6000-7f645c8bd000 r-xp 00000000 08:0b 1185171                    /usr/lib/x86_64-linux-gnu/libffi.so.6.0.4
7f645c8bd000-7f645cabc000 ---p 00007000 08:0b 1185171                    /usr/lib/x86_64-linux-gnu/libffi.so.6.0.4
7f645cabc000-7f645cabd000 r--p 00006000 08:0b 1185171                    /usr/lib/x86_64-linux-gnu/libffi.so.6.0.4
7f645cabd000-7f645cabe000 rw-p 00007000 08:0b 1185171                    /usr/lib/x86_64-linux-gnu/libffi.so.6.0.4
7f645cabe000-7f645cb0f000 r-xp 00000000 08:0b 915797                     /lib/x86_64-linux-gnu/libmount.so.1.1.0
7f645cb0f000-7f645cd0e000 ---p 00051000 08:0b 915797                     /lib/x86_64-linux-gnu/libmount.so.1.1.0
7f645cd0e000-7f645cd10000 r--p 00050000 08:0b 915797                     /lib/x86_64-linux-gnu/libmount.so.1.1.0
7f645cd10000-7f645cd11000 rw-p 00052000 08:0b 915797                     /lib/x86_64-linux-gnu/libmount.so.1.1.0
7f645cd11000-7f645cd12000 rw-p 00000000 00:00 0 
7f645cd12000-7f645cd29000 r-xp 00000000 08:0b 921560                     /lib/x86_64-linux-gnu/libresolv-2.27.so
7f645cd29000-7f645cf29000 ---p 00017000 08:0b 921560                     /lib/x86_64-linux-gnu/libresolv-2.27.so
7f645cf29000-7f645cf2a000 r--p 00017000 08:0b 921560                     /lib/x86_64-linux-gnu/libresolv-2.27.so
7f645cf2a000-7f645cf2b000 rw-p 00018000 08:0b 921560                     /lib/x86_64-linux-gnu/libresolv-2.27.so
7f645cf2b000-7f645cf2d000 rw-p 00000000 00:00 0 
7f645cf2d000-7f645cf52000 r-xp 00000000 08:0b 921566                     /lib/x86_64-linux-gnu/libselinux.so.1
7f645cf52000-7f645d151000 ---p 00025000 08:0b 921566                     /lib/x86_64-linux-gnu/libselinux.so.1
7f645d151000-7f645d152000 r--p 00024000 08:0b 921566                     /lib/x86_64-linux-gnu/libselinux.so.1
7f645d152000-7f645d153000 rw-p 00025000 08:0b 921566                     /lib/x86_64-linux-gnu/libselinux.so.1
7f645d153000-7f645d155000 rw-p 00000000 00:00 0 
7f645d155000-7f645d268000 r-xp 00000000 08:0b 1185265                    /usr/lib/x86_64-linux-gnu/libglib-2.0.so.0.5600.1
7f645d268000-7f645d468000 ---p 00113000 08:0b 1185265                    /usr/lib/x86_64-linux-gnu/libglib-2.0.so.0.5600.1
7f645d468000-7f645d469000 r--p 00113000 08:0b 1185265                    /usr/lib/x86_64-linux-gnu/libglib-2.0.so.0.5600.1
7f645d469000-7f645d46a000 rw-p 00114000 08:0b 1185265                    /usr/lib/x86_64-linux-gnu/libglib-2.0.so.0.5600.1
7f645d46a000-7f645d46b000 rw-p 00000000 00:00 0 
7f645d46b000-7f645d46e000 r-xp 00000000 08:0b 1185269                    /usr/lib/x86_64-linux-gnu/libgmodule-2.0.so.0.5600.1
7f645d46e000-7f645d66d000 ---p 00003000 08:0b 1185269                    /usr/lib/x86_64-linux-gnu/libgmodule-2.0.so.0.5600.1
7f645d66d000-7f645d66e000 r--p 00002000 08:0b 1185269                    /usr/lib/x86_64-linux-gnu/libgmodule-2.0.so.0.5600.1
7f645d66e000-7f645d66f000 rw-p 00003000 08:0b 1185269                    /usr/lib/x86_64-linux-gnu/libgmodule-2.0.so.0.5600.1
7f645d66f000-7f645d6c1000 r-xp 00000000 08:0b 1185293                    /usr/lib/x86_64-linux-gnu/libgobject-2.0.so.0.5600.1
7f645d6c1000-7f645d8c1000 ---p 00052000 08:0b 1185293                    /usr/lib/x86_64-linux-gnu/libgobject-2.0.so.0.5600.1
7f645d8c1000-7f645d8c2000 r--p 00052000 08:0b 1185293                    /usr/lib/x86_64-linux-gnu/libgobject-2.0.so.0.5600.1
7f645d8c2000-7f645d8c3000 rw-p 00053000 08:0b 1185293                    /usr/lib/x86_64-linux-gnu/libgobject-2.0.so.0.5600.1
7f645d8c3000-7f645da57000 r-xp 00000000 08:0b 1185259                    /usr/lib/x86_64-linux-gnu/libgio-2.0.so.0.5600.1
7f645da57000-7f645dc57000 ---p 00194000 08:0b 1185259                    /usr/lib/x86_64-linux-gnu/libgio-2.0.so.0.5600.1
7f645dc57000-7f645dc5e000 r--p 00194000 08:0b 1185259                    /usr/lib/x86_64-linux-gnu/libgio-2.0.so.0.5600.1
7f645dc5e000-7f645dc5f000 rw-p 0019b000 08:0b 1185259                    /usr/lib/x86_64-linux-gnu/libgio-2.0.so.0.5600.1
7f645dc5f000-7f645dc61000 rw-p 00000000 00:00 0 
7f645dc61000-7f645dc6b000 r-xp 00000000 08:0b 1184860                    /usr/lib/x86_64-linux-gnu/libXrandr.so.2.2.0
7f645dc6b000-7f645de6a000 ---p 0000a000 08:0b 1184860                    /usr/lib/x86_64-linux-gnu/libXrandr.so.2.2.0
7f645de6a000-7f645de6b000 r--p 00009000 08:0b 1184860                    /usr/lib/x86_64-linux-gnu/libXrandr.so.2.2.0
7f645de6b000-7f645de6c000 rw-p 0000a000 08:0b 1184860                    /usr/lib/x86_64-linux-gnu/libXrandr.so.2.2.0
7f645de6c000-7f645df09000 r-xp 00000000 08:0b 1187337                    /usr/lib/jvm/java-10-oracle/lib/libfontmanager.so
7f645df09000-7f645e109000 ---p 0009d000 08:0b 1187337                    /usr/lib/jvm/java-10-oracle/lib/libfontmanager.so
7f645e109000-7f645e10c000 rw-p 0009d000 08:0b 1187337                    /usr/lib/jvm/java-10-oracle/lib/libfontmanager.so
7f645e10c000-7f645e31e000 rw-p 00000000 00:00 0 
7f645e31e000-7f645e51e000 rw-p 00000000 00:00 0 
7f645e51e000-7f645e531000 r-xp 00000000 08:0b 921417                     /lib/x86_64-linux-gnu/libbsd.so.0.8.7
7f645e531000-7f645e730000 ---p 00013000 08:0b 921417                     /lib/x86_64-linux-gnu/libbsd.so.0.8.7
7f645e730000-7f645e731000 r--p 00012000 08:0b 921417                     /lib/x86_64-linux-gnu/libbsd.so.0.8.7
7f645e731000-7f645e732000 rw-p 00013000 08:0b 921417                     /lib/x86_64-linux-gnu/libbsd.so.0.8.7
7f645e732000-7f645e733000 rw-p 00000000 00:00 0 
7f645e733000-7f645e738000 r-xp 00000000 08:0b 1184840                    /usr/lib/x86_64-linux-gnu/libXdmcp.so.6.0.0
7f645e738000-7f645e937000 ---p 00005000 08:0b 1184840                    /usr/lib/x86_64-linux-gnu/libXdmcp.so.6.0.0
7f645e937000-7f645e938000 r--p 00004000 08:0b 1184840                    /usr/lib/x86_64-linux-gnu/libXdmcp.so.6.0.0
7f645e938000-7f645e939000 rw-p 00005000 08:0b 1184840                    /usr/lib/x86_64-linux-gnu/libXdmcp.so.6.0.0
7f645e939000-7f645e93b000 r-xp 00000000 08:0b 1184829                    /usr/lib/x86_64-linux-gnu/libXau.so.6.0.0
7f645e93b000-7f645eb3b000 ---p 00002000 08:0b 1184829                    /usr/lib/x86_64-linux-gnu/libXau.so.6.0.0
7f645eb3b000-7f645eb3c000 r--p 00002000 08:0b 1184829                    /usr/lib/x86_64-linux-gnu/libXau.so.6.0.0
7f645eb3c000-7f645eb3d000 rw-p 00003000 08:0b 1184829                    /usr/lib/x86_64-linux-gnu/libXau.so.6.0.0
7f645eb3d000-7f645eb63000 r-xp 00000000 08:0b 1186033                    /usr/lib/x86_64-linux-gnu/libxcb.so.1.1.0
7f645eb63000-7f645ed63000 ---p 00026000 08:0b 1186033                    /usr/lib/x86_64-linux-gnu/libxcb.so.1.1.0
7f645ed63000-7f645ed64000 r--p 00026000 08:0b 1186033                    /usr/lib/x86_64-linux-gnu/libxcb.so.1.1.0
7f645ed64000-7f645ed65000 rw-p 00027000 08:0b 1186033                    /usr/lib/x86_64-linux-gnu/libxcb.so.1.1.0
7f645ed65000-7f645ed74000 r-xp 00000000 08:0b 1184850                    /usr/lib/x86_64-linux-gnu/libXi.so.6.1.0
7f645ed74000-7f645ef73000 ---p 0000f000 08:0b 1184850                    /usr/lib/x86_64-linux-gnu/libXi.so.6.1.0
7f645ef73000-7f645ef74000 r--p 0000e000 08:0b 1184850                    /usr/lib/x86_64-linux-gnu/libXi.so.6.1.0
7f645ef74000-7f645ef75000 rw-p 0000f000 08:0b 1184850                    /usr/lib/x86_64-linux-gnu/libXi.so.6.1.0
7f645ef75000-7f645ef7a000 r-xp 00000000 08:0b 1184868                    /usr/lib/x86_64-linux-gnu/libXtst.so.6.1.0
7f645ef7a000-7f645f179000 ---p 00005000 08:0b 1184868                    /usr/lib/x86_64-linux-gnu/libXtst.so.6.1.0
7f645f179000-7f645f17a000 r--p 00004000 08:0b 1184868                    /usr/lib/x86_64-linux-gnu/libXtst.so.6.1.0
7f645f17a000-7f645f17b000 rw-p 00005000 08:0b 1184868                    /usr/lib/x86_64-linux-gnu/libXtst.so.6.1.0
7f645f17b000-7f645f184000 r-xp 00000000 08:0b 1184862                    /usr/lib/x86_64-linux-gnu/libXrender.so.1.3.0
7f645f184000-7f645f383000 ---p 00009000 08:0b 1184862                    /usr/lib/x86_64-linux-gnu/libXrender.so.1.3.0
7f645f383000-7f645f384000 r--p 00008000 08:0b 1184862                    /usr/lib/x86_64-linux-gnu/libXrender.so.1.3.0
7f645f384000-7f645f385000 rw-p 00009000 08:0b 1184862                    /usr/lib/x86_64-linux-gnu/libXrender.so.1.3.0
7f645f385000-7f645f4b9000 r-xp 00000000 08:0b 1184825                    /usr/lib/x86_64-linux-gnu/libX11.so.6.3.0
7f645f4b9000-7f645f6b9000 ---p 00134000 08:0b 1184825                    /usr/lib/x86_64-linux-gnu/libX11.so.6.3.0
7f645f6b9000-7f645f6ba000 r--p 00134000 08:0b 1184825                    /usr/lib/x86_64-linux-gnu/libX11.so.6.3.0
7f645f6ba000-7f645f6be000 rw-p 00135000 08:0b 1184825                    /usr/lib/x86_64-linux-gnu/libX11.so.6.3.0
7f645f6be000-7f645f6cf000 r-xp 00000000 08:0b 1184842                    /usr/lib/x86_64-linux-gnu/libXext.so.6.4.0
7f645f6cf000-7f645f8ce000 ---p 00011000 08:0b 1184842                    /usr/lib/x86_64-linux-gnu/libXext.so.6.4.0
7f645f8ce000-7f645f8cf000 r--p 00010000 08:0b 1184842                    /usr/lib/x86_64-linux-gnu/libXext.so.6.4.0
7f645f8cf000-7f645f8d0000 rw-p 00011000 08:0b 1184842                    /usr/lib/x86_64-linux-gnu/libXext.so.6.4.0
7f645f8d0000-7f645f92d000 r-xp 00000000 08:0b 1188029                    /usr/lib/jvm/java-10-oracle/lib/libawt_xawt.so
7f645f92d000-7f645fb2d000 ---p 0005d000 08:0b 1188029                    /usr/lib/jvm/java-10-oracle/lib/libawt_xawt.so
7f645fb2d000-7f645fb30000 rw-p 0005d000 08:0b 1188029                    /usr/lib/jvm/java-10-oracle/lib/libawt_xawt.so
7f645fb30000-7f645fb32000 rw-p 00000000 00:00 0 
7f645fb32000-7f645fbd0000 r-xp 00000000 08:0b 1187333                    /usr/lib/jvm/java-10-oracle/lib/libawt.so
7f645fbd0000-7f645fdd0000 ---p 0009e000 08:0b 1187333                    /usr/lib/jvm/java-10-oracle/lib/libawt.so
7f645fdd0000-7f645fddc000 rw-p 0009e000 08:0b 1187333                    /usr/lib/jvm/java-10-oracle/lib/libawt.so
7f645fddc000-7f6460000000 rw-p 00000000 00:00 0 
7f6460000000-7f6460021000 rw-p 00000000 00:00 0 
7f6460021000-7f6464000000 ---p 00000000 00:00 0 
7f6464000000-7f6464021000 rw-p 00000000 00:00 0 
7f6464021000-7f6468000000 ---p 00000000 00:00 0 
7f6468000000-7f6468021000 rw-p 00000000 00:00 0 
7f6468021000-7f646c000000 ---p 00000000 00:00 0 
7f646c000000-7f646c02d000 rw-p 00000000 00:00 0 
7f646c02d000-7f6470000000 ---p 00000000 00:00 0 
7f6470000000-7f6470531000 rw-p 00000000 00:00 0 
7f6470531000-7f6474000000 ---p 00000000 00:00 0 
7f6474000000-7f6474021000 rw-p 00000000 00:00 0 
7f6474021000-7f6478000000 ---p 00000000 00:00 0 
7f6478000000-7f647a389000 rw-p 00000000 00:00 0 
7f647a389000-7f647c000000 ---p 00000000 00:00 0 
7f647c000000-7f647d8c0000 rw-p 00000000 00:00 0 
7f647d8c0000-7f6480000000 ---p 00000000 00:00 0 
7f6480000000-7f6480021000 rw-p 00000000 00:00 0 
7f6480021000-7f6484000000 ---p 00000000 00:00 0 
7f6484000000-7f6484021000 rw-p 00000000 00:00 0 
7f6484021000-7f6488000000 ---p 00000000 00:00 0 
7f6488000000-7f64883cc000 rw-p 00000000 00:00 0 
7f64883cc000-7f648c000000 ---p 00000000 00:00 0 
7f648c000000-7f648c021000 rw-p 00000000 00:00 0 
7f648c021000-7f6490000000 ---p 00000000 00:00 0 
7f6490000000-7f6490021000 rw-p 00000000 00:00 0 
7f6490021000-7f6494000000 ---p 00000000 00:00 0 
7f6494000000-7f6494021000 rw-p 00000000 00:00 0 
7f6494021000-7f6498000000 ---p 00000000 00:00 0 
7f6498000000-7f6498021000 rw-p 00000000 00:00 0 
7f6498021000-7f649c000000 ---p 00000000 00:00 0 
7f649c000000-7f649c021000 rw-p 00000000 00:00 0 
7f649c021000-7f64a0000000 ---p 00000000 00:00 0 
7f64a0000000-7f64a0021000 rw-p 00000000 00:00 0 
7f64a0021000-7f64a4000000 ---p 00000000 00:00 0 
7f64a4000000-7f64a4021000 rw-p 00000000 00:00 0 
7f64a4021000-7f64a8000000 ---p 00000000 00:00 0 
7f64a8085000-7f64a8090000 r--s 00000000 08:0b 1578639                    /var/cache/fontconfig/945677eb7aeaf62f1d50efc3fb3ec7d8-le64.cache-7
7f64a8090000-7f64a8095000 r--s 00000000 08:0b 1578610                    /var/cache/fontconfig/2300eef321c393bfd76478a5c0e95b23-le64.cache-7
7f64a8095000-7f64a8096000 r--s 00000000 08:0b 1578603                    /var/cache/fontconfig/0d8c3b2ac0904cb8a57a757ad11a4a08-le64.cache-7
7f64a8096000-7f64a80ab000 r--s 00000000 08:0b 1578599                    /var/cache/fontconfig/04aabc0a78ac019cf9454389977116d2-le64.cache-7
7f64a80ab000-7f64a80ac000 r--s 00000000 08:0b 1578607                    /var/cache/fontconfig/1ac9eb803944fde146138c791f5cc56a-le64.cache-7
7f64a80ac000-7f64a80b0000 ---p 00000000 00:00 0 
7f64a80b0000-7f64a81ad000 rw-p 00000000 00:00 0 
7f64a81ad000-7f64a81ae000 r-xp 00000000 08:0b 1187372                    /usr/lib/jvm/java-10-oracle/lib/libextnet.so
7f64a81ae000-7f64a83ad000 ---p 00001000 08:0b 1187372                    /usr/lib/jvm/java-10-oracle/lib/libextnet.so
7f64a83ad000-7f64a83ae000 rw-p 00000000 08:0b 1187372                    /usr/lib/jvm/java-10-oracle/lib/libextnet.so
7f64a83ae000-7f64a83af000 ---p 00000000 00:00 0 
7f64a83af000-7f64a84b0000 rw-p 00000000 00:00 0 
7f64a84b0000-7f64a84b4000 ---p 00000000 00:00 0 
7f64a84b4000-7f64a85b1000 rw-p 00000000 00:00 0 
7f64a85b1000-7f64a85b5000 ---p 00000000 00:00 0 
7f64a85b5000-7f64a86b2000 rw-p 00000000 00:00 0 
7f64a86b2000-7f64a86c8000 r-xp 00000000 08:0b 1188041                    /usr/lib/jvm/java-10-oracle/lib/libnet.so
7f64a86c8000-7f64a88c8000 ---p 00016000 08:0b 1188041                    /usr/lib/jvm/java-10-oracle/lib/libnet.so
7f64a88c8000-7f64a88c9000 rw-p 00016000 08:0b 1188041                    /usr/lib/jvm/java-10-oracle/lib/libnet.so
7f64a88c9000-7f64a88d9000 r-xp 00000000 08:0b 1187380                    /usr/lib/jvm/java-10-oracle/lib/libnio.so
7f64a88d9000-7f64a8ad9000 ---p 00010000 08:0b 1187380                    /usr/lib/jvm/java-10-oracle/lib/libnio.so
7f64a8ad9000-7f64a8ada000 rw-p 00010000 08:0b 1187380                    /usr/lib/jvm/java-10-oracle/lib/libnio.so
7f64a8ada000-7f64a8ade000 ---p 00000000 00:00 0 
7f64a8ade000-7f64a8bdb000 rw-p 00000000 00:00 0 
7f64a8bdb000-7f64a8bdf000 ---p 00000000 00:00 0 
7f64a8bdf000-7f64a8cdc000 rw-p 00000000 00:00 0 
7f64a8cdc000-7f64a8ce0000 ---p 00000000 00:00 0 
7f64a8ce0000-7f64a8ddd000 rw-p 00000000 00:00 0 
7f64a8ddd000-7f64a9800000 r--p 00000000 08:0b 1183284                    /usr/lib/locale/locale-archive
7f64a9800000-7f64ac000000 rw-p 00000000 00:00 0 
7f64ac000000-7f64ac021000 rw-p 00000000 00:00 0 
7f64ac021000-7f64b0000000 ---p 00000000 00:00 0 
7f64b0000000-7f64b0021000 rw-p 00000000 00:00 0 
7f64b0021000-7f64b4000000 ---p 00000000 00:00 0 
7f64b4000000-7f64b4001000 r--s 00000000 08:0b 1578658                    /var/cache/fontconfig/dc05db6664285cc2f12bf69c139ae4c3-le64.cache-7
7f64b4001000-7f64b4003000 r--s 00000000 08:0b 1578604                    /var/cache/fontconfig/14a5e22175779b556eaa434240950366-le64.cache-7
7f64b4003000-7f64b4004000 r--s 00000000 08:0b 1578631                    /var/cache/fontconfig/660208299946a285a940457d1287da33-le64.cache-7
7f64b4004000-7f64b4006000 r--s 00000000 08:0b 1578622                    /var/cache/fontconfig/4f3e3037c9980c83b53a9351efadef62-le64.cache-7
7f64b4006000-7f64b4008000 r--s 00000000 08:0b 1578636                    /var/cache/fontconfig/767a8244fc0220cfb567a839d0392e0b-le64.cache-7
7f64b4008000-7f64b4009000 r--s 00000000 08:0b 1578617                    /var/cache/fontconfig/4794a0821666d79190d59a36cb4f44b5-le64.cache-7
7f64b4009000-7f64b400b000 r--s 00000000 08:0b 1578601                    /var/cache/fontconfig/0bd3dc0958fa2205aaaa8ebb13e2872b-le64.cache-7
7f64b400b000-7f64b4010000 r--s 00000000 08:0b 1578659                    /var/cache/fontconfig/def309198bfa603429122923fa2bb2d4-le64.cache-7
7f64b4010000-7f64b4011000 r--s 00000000 08:0b 1578647                    /var/cache/fontconfig/b872e6e592da6075ffa4ab0a1fcc0c75-le64.cache-7
7f64b4011000-7f64b4012000 r--s 00000000 08:0b 1578664                    /var/cache/fontconfig/f6d4eedfaab2589bde49f7a3ff831d22-le64.cache-7
7f64b4012000-7f64b4013000 r--s 00000000 08:0b 1578629                    /var/cache/fontconfig/589f83ef4c36d296ce6e1c846f468f08-le64.cache-7
7f64b4013000-7f64b4014000 r--s 00000000 08:0b 1578649                    /var/cache/fontconfig/bab58bb527bb656aaa9f116d68a48d89-le64.cache-7
7f64b4014000-7f64b4015000 r--s 00000000 08:0b 1578608                    /var/cache/fontconfig/2171a34dccabdb6bcbbc728186263178-le64.cache-7
7f64b4015000-7f64b4016000 r--s 00000000 08:0b 1578650                    /var/cache/fontconfig/c5c45a61289222e0d30b1a26ef4effbe-le64.cache-7
7f64b4016000-7f64b4017000 r--s 00000000 08:0b 1578645                    /var/cache/fontconfig/aec30016f93e1b46d1a973dce0d74068-le64.cache-7
7f64b4017000-7f64b4018000 r--s 00000000 08:0b 1578615                    /var/cache/fontconfig/3f589640d34b7dc9042c8d453f7c8b9c-le64.cache-7
7f64b4018000-7f64b4019000 r--s 00000000 08:0b 1578605                    /var/cache/fontconfig/16c2fda60d1b4b719f4b3d06fd951d25-le64.cache-7
7f64b4019000-7f64b401a000 r--s 00000000 08:0b 1578644                    /var/cache/fontconfig/a48eab177a16e4f3713381162db2f3e9-le64.cache-7
7f64b401a000-7f64b401f000 r--s 00000000 08:0b 1578642                    /var/cache/fontconfig/9d2451b1fd30e5bffe8383fd27c35478-le64.cache-7
7f64b401f000-7f64b4025000 r--s 00000000 08:0b 1578611                    /var/cache/fontconfig/3047814df9a2f067bd2d96a2b9c36e5a-le64.cache-7
7f64b4025000-7f64b402b000 r--s 00000000 08:0b 1578646                    /var/cache/fontconfig/b47c4e1ecd0709278f4910c18777a504-le64.cache-7
7f64b402b000-7f64b403e000 r--s 00000000 08:0b 1578655                    /var/cache/fontconfig/d52a8644073d54c13679302ca1180695-le64.cache-7
7f64b403e000-7f64b4042000 ---p 00000000 00:00 0 
7f64b4042000-7f64b413f000 rw-p 00000000 00:00 0 
7f64b413f000-7f64b4143000 ---p 00000000 00:00 0 
7f64b4143000-7f64b459c000 rw-p 00000000 00:00 0 
7f64b459c000-7f64b6120000 ---p 00000000 00:00 0 
7f64b6120000-7f64b647c000 rw-p 00000000 00:00 0 
7f64b647c000-7f64b8000000 ---p 00000000 00:00 0 
7f64b8000000-7f64b8021000 rw-p 00000000 00:00 0 
7f64b8021000-7f64bc000000 ---p 00000000 00:00 0 
7f64bc000000-7f64bc021000 rw-p 00000000 00:00 0 
7f64bc021000-7f64c0000000 ---p 00000000 00:00 0 
7f64c0000000-7f64c0021000 rw-p 00000000 00:00 0 
7f64c0021000-7f64c4000000 ---p 00000000 00:00 0 
7f64c4000000-7f64c4001000 r--s 00000000 08:0b 1578625                    /var/cache/fontconfig/564b2e68ac9bc4e36a6f7f6d6125ec1c-le64.cache-7
7f64c4001000-7f64c4002000 r--s 00000000 08:0b 1578626                    /var/cache/fontconfig/56cf4f4769d0f4abc89a4895d7bd3ae1-le64.cache-7
7f64c4002000-7f64c4003000 r--s 00000000 08:0b 1578648                    /var/cache/fontconfig/b9d506c9ac06c20b433354fa67a72993-le64.cache-7
7f64c4003000-7f64c4004000 r--s 00000000 08:0b 1578613                    /var/cache/fontconfig/370e5b74bf5dafc30834de68e24a87a4-le64.cache-7
7f64c4004000-7f64c4005000 r--s 00000000 08:0b 1570187                    /var/cache/fontconfig/6b2c5944714ca7831b25bed9e85cb5c8-le64.cache-7
7f64c4005000-7f64c4006000 r--s 00000000 08:0b 1578654                    /var/cache/fontconfig/d5178ab6d91b49bf20a416737dcea9e8-le64.cache-7
7f64c4006000-7f64c4007000 r--s 00000000 08:0b 1570186                    /var/cache/fontconfig/551ecf3b0e8b0bca0f25c0944f561853-le64.cache-7
7f64c4007000-7f64c400a000 r--s 00000000 08:0b 1570185                    /var/cache/fontconfig/f259c2cffa685e28062317905db73c4a-le64.cache-7
7f64c400a000-7f64c400c000 r--s 00000000 08:0b 1570184                    /var/cache/fontconfig/550f3886151c940c12a5ed35f6a00586-le64.cache-7
7f64c400c000-7f64c400f000 r--s 00000000 08:0b 1570183                    /var/cache/fontconfig/674d1711f2d1d2a09646eb0bdcadee49-le64.cache-7
7f64c400f000-7f64c4010000 r--s 00000000 08:0b 1578616                    /var/cache/fontconfig/3f7329c5293ffd510edef78f73874cfd-le64.cache-7
7f64c4010000-7f64c4014000 r--s 00000000 08:0b 1578656                    /var/cache/fontconfig/d589a48862398ed80a3d6066f4f56f4c-le64.cache-7
7f64c4014000-7f64c4015000 r--s 00000000 08:0b 1578602                    /var/cache/fontconfig/0c9eb80ebd1c36541ebe2852d3bb0c49-le64.cache-7
7f64c4015000-7f64c4016000 r--s 00000000 08:0b 1578609                    /var/cache/fontconfig/22368d551a680bfe5a62c02760edf4ea-le64.cache-7
7f64c4016000-7f64c4017000 r--s 00000000 08:0b 1578621                    /var/cache/fontconfig/4d9c95eba1cb85bbcf2878543262124a-le64.cache-7
7f64c4017000-7f64c4018000 r--s 00000000 08:0b 1578638                    /var/cache/fontconfig/85e0a52ce643a7ba2ae53e5d6949cead-le64.cache-7
7f64c4018000-7f64c401c000 ---p 00000000 00:00 0 
7f64c401c000-7f64c4119000 rw-p 00000000 00:00 0 
7f64c4119000-7f64c411d000 ---p 00000000 00:00 0 
7f64c411d000-7f64c421a000 rw-p 00000000 00:00 0 
7f64c421a000-7f64c421e000 ---p 00000000 00:00 0 
7f64c421e000-7f64c431b000 rw-p 00000000 00:00 0 
7f64c431b000-7f64c431c000 ---p 00000000 00:00 0 
7f64c431c000-7f64c4493000 rw-p 00000000 00:00 0 
7f64c4493000-7f64c4494000 ---p 00000000 00:00 0 
7f64c4494000-7f64c4595000 rw-p 00000000 00:00 0 
7f64c4595000-7f64c4596000 ---p 00000000 00:00 0 
7f64c4596000-7f64c4697000 rw-p 00000000 00:00 0 
7f64c4697000-7f64c4698000 ---p 00000000 00:00 0 
7f64c4698000-7f64c4799000 rw-p 00000000 00:00 0 
7f64c4799000-7f64c479a000 ---p 00000000 00:00 0 
7f64c479a000-7f64c489b000 rw-p 00000000 00:00 0 
7f64c489b000-7f64c489c000 ---p 00000000 00:00 0 
7f64c489c000-7f64c4da1000 rw-p 00000000 00:00 0 
7f64c4da1000-7f64c4da2000 ---p 00000000 00:00 0 
7f64c4da2000-7f64c4ea3000 rw-p 00000000 00:00 0 
7f64c4ea3000-7f64c4ea4000 ---p 00000000 00:00 0 
7f64c4ea4000-7f64c5011000 rw-p 00000000 00:00 0 
7f64c5011000-7f64c5381000 ---p 00000000 00:00 0 
7f64c5381000-7f64c53ed000 rw-p 00000000 00:00 0 
7f64c53ed000-7f64c575d000 ---p 00000000 00:00 0 
7f64c575d000-7f64c57c9000 rw-p 00000000 00:00 0 
7f64c57c9000-7f64c5b39000 ---p 00000000 00:00 0 
7f64c5b39000-7f64c5c3a000 rw-p 00000000 00:00 0 
7f64c5c3a000-7f64c5eaa000 rwxp 00000000 00:00 0 
7f64c5eaa000-7f64c61ca000 ---p 00000000 00:00 0 
7f64c61ca000-7f64c668a000 rwxp 00000000 00:00 0 
7f64c668a000-7f64cd702000 ---p 00000000 00:00 0 
7f64cd702000-7f64cd972000 rwxp 00000000 00:00 0 
7f64cd972000-7f64d4c3a000 ---p 00000000 00:00 0 
7f64d4c3a000-7f64e0000000 r--s 00000000 08:0b 1187363                    /usr/lib/jvm/java-10-oracle/lib/modules
7f64e0000000-7f64e05bd000 rw-p 00000000 00:00 0 
7f64e05bd000-7f64e4000000 ---p 00000000 00:00 0 
7f64e4000000-7f64e4001000 r--s 00000000 08:0b 1578618                    /var/cache/fontconfig/49f0de54bdd920fe4f0dfd4cbac43e6b-le64.cache-7
7f64e4001000-7f64e4032000 r--p 00000000 08:0b 1569799                    /usr/share/glib-2.0/schemas/gschemas.compiled
7f64e4032000-7f64e4390000 rw-p 00000000 00:00 0 
7f64e4390000-7f64e4391000 ---p 00000000 00:00 0 
7f64e4391000-7f64e4492000 rw-p 00000000 00:00 0 
7f64e4492000-7f64e4493000 ---p 00000000 00:00 0 
7f64e4493000-7f64e4594000 rw-p 00000000 00:00 0 
7f64e4594000-7f64e4595000 ---p 00000000 00:00 0 
7f64e4595000-7f64e4696000 rw-p 00000000 00:00 0 
7f64e4696000-7f64e4697000 ---p 00000000 00:00 0 
7f64e4697000-7f64e479d000 rw-p 00000000 00:00 0 
7f64e479d000-7f64e4883000 ---p 00000000 00:00 0 
7f64e4883000-7f64e488d000 rw-p 00000000 00:00 0 
7f64e488d000-7f64e496e000 ---p 00000000 00:00 0 
7f64e496e000-7f64e4988000 r-xp 00000000 08:0b 1187361                    /usr/lib/jvm/java-10-oracle/lib/libjimage.so
7f64e4988000-7f64e4b87000 ---p 0001a000 08:0b 1187361                    /usr/lib/jvm/java-10-oracle/lib/libjimage.so
7f64e4b87000-7f64e4b89000 rw-p 00019000 08:0b 1187361                    /usr/lib/jvm/java-10-oracle/lib/libjimage.so
7f64e4b89000-7f64e4b9b000 rw-p 00000000 00:00 0 
7f64e4b9b000-7f64e4ba2000 r-xp 00000000 08:0b 1187381                    /usr/lib/jvm/java-10-oracle/lib/libzip.so
7f64e4ba2000-7f64e4da1000 ---p 00007000 08:0b 1187381                    /usr/lib/jvm/java-10-oracle/lib/libzip.so
7f64e4da1000-7f64e4da2000 rw-p 00006000 08:0b 1187381                    /usr/lib/jvm/java-10-oracle/lib/libzip.so
7f64e4da2000-7f64e4dad000 r-xp 00000000 08:0b 921511                     /lib/x86_64-linux-gnu/libnss_files-2.27.so
7f64e4dad000-7f64e4fac000 ---p 0000b000 08:0b 921511                     /lib/x86_64-linux-gnu/libnss_files-2.27.so
7f64e4fac000-7f64e4fad000 r--p 0000a000 08:0b 921511                     /lib/x86_64-linux-gnu/libnss_files-2.27.so
7f64e4fad000-7f64e4fae000 rw-p 0000b000 08:0b 921511                     /lib/x86_64-linux-gnu/libnss_files-2.27.so
7f64e4fae000-7f64e4fb4000 rw-p 00000000 00:00 0 
7f64e4fb4000-7f64e4fcb000 r-xp 00000000 08:0b 921505                     /lib/x86_64-linux-gnu/libnsl-2.27.so
7f64e4fcb000-7f64e51ca000 ---p 00017000 08:0b 921505                     /lib/x86_64-linux-gnu/libnsl-2.27.so
7f64e51ca000-7f64e51cb000 r--p 00016000 08:0b 921505                     /lib/x86_64-linux-gnu/libnsl-2.27.so
7f64e51cb000-7f64e51cc000 rw-p 00017000 08:0b 921505                     /lib/x86_64-linux-gnu/libnsl-2.27.so
7f64e51cc000-7f64e51ce000 rw-p 00000000 00:00 0 
7f64e51ce000-7f64e51d9000 r-xp 00000000 08:0b 921522                     /lib/x86_64-linux-gnu/libnss_nis-2.27.so
7f64e51d9000-7f64e53d8000 ---p 0000b000 08:0b 921522                     /lib/x86_64-linux-gnu/libnss_nis-2.27.so
7f64e53d8000-7f64e53d9000 r--p 0000a000 08:0b 921522                     /lib/x86_64-linux-gnu/libnss_nis-2.27.so
7f64e53d9000-7f64e53da000 rw-p 0000b000 08:0b 921522                     /lib/x86_64-linux-gnu/libnss_nis-2.27.so
7f64e53da000-7f64e53e2000 r-xp 00000000 08:0b 921507                     /lib/x86_64-linux-gnu/libnss_compat-2.27.so
7f64e53e2000-7f64e55e2000 ---p 00008000 08:0b 921507                     /lib/x86_64-linux-gnu/libnss_compat-2.27.so
7f64e55e2000-7f64e55e3000 r--p 00008000 08:0b 921507                     /lib/x86_64-linux-gnu/libnss_compat-2.27.so
7f64e55e3000-7f64e55e4000 rw-p 00009000 08:0b 921507                     /lib/x86_64-linux-gnu/libnss_compat-2.27.so
7f64e55e4000-7f64e55ee000 r-xp 00000000 08:0b 1187375                    /usr/lib/jvm/java-10-oracle/lib/libinstrument.so
7f64e55ee000-7f64e57ed000 ---p 0000a000 08:0b 1187375                    /usr/lib/jvm/java-10-oracle/lib/libinstrument.so
7f64e57ed000-7f64e57ee000 rw-p 00009000 08:0b 1187375                    /usr/lib/jvm/java-10-oracle/lib/libinstrument.so
7f64e57ee000-7f64e5818000 r-xp 00000000 08:0b 1187341                    /usr/lib/jvm/java-10-oracle/lib/libjava.so
7f64e5818000-7f64e5a18000 ---p 0002a000 08:0b 1187341                    /usr/lib/jvm/java-10-oracle/lib/libjava.so
7f64e5a18000-7f64e5a1a000 rw-p 0002a000 08:0b 1187341                    /usr/lib/jvm/java-10-oracle/lib/libjava.so
7f64e5a1a000-7f64e5a27000 r-xp 00000000 08:0b 1187369                    /usr/lib/jvm/java-10-oracle/lib/libverify.so
7f64e5a27000-7f64e5c26000 ---p 0000d000 08:0b 1187369                    /usr/lib/jvm/java-10-oracle/lib/libverify.so
7f64e5c26000-7f64e5c28000 rw-p 0000c000 08:0b 1187369                    /usr/lib/jvm/java-10-oracle/lib/libverify.so
7f64e5c28000-7f64e5c2f000 r-xp 00000000 08:0b 921562                     /lib/x86_64-linux-gnu/librt-2.27.so
7f64e5c2f000-7f64e5e2e000 ---p 00007000 08:0b 921562                     /lib/x86_64-linux-gnu/librt-2.27.so
7f64e5e2e000-7f64e5e2f000 r--p 00006000 08:0b 921562                     /lib/x86_64-linux-gnu/librt-2.27.so
7f64e5e2f000-7f64e5e30000 rw-p 00007000 08:0b 921562                     /lib/x86_64-linux-gnu/librt-2.27.so
7f64e5e30000-7f64e5fcd000 r-xp 00000000 08:0b 921484                     /lib/x86_64-linux-gnu/libm-2.27.so
7f64e5fcd000-7f64e61cc000 ---p 0019d000 08:0b 921484                     /lib/x86_64-linux-gnu/libm-2.27.so
7f64e61cc000-7f64e61cd000 r--p 0019c000 08:0b 921484                     /lib/x86_64-linux-gnu/libm-2.27.so
7f64e61cd000-7f64e61ce000 rw-p 0019d000 08:0b 921484                     /lib/x86_64-linux-gnu/libm-2.27.so
7f64e61ce000-7f64e72b9000 r-xp 00000000 08:0b 1187389                    /usr/lib/jvm/java-10-oracle/lib/server/libjvm.so
7f64e72b9000-7f64e74b8000 ---p 010eb000 08:0b 1187389                    /usr/lib/jvm/java-10-oracle/lib/server/libjvm.so
7f64e74b8000-7f64e7598000 r--p 010ea000 08:0b 1187389                    /usr/lib/jvm/java-10-oracle/lib/server/libjvm.so
7f64e7598000-7f64e75d2000 rw-p 011ca000 08:0b 1187389                    /usr/lib/jvm/java-10-oracle/lib/server/libjvm.so
7f64e75d2000-7f64e763c000 rw-p 00000000 00:00 0 
7f64e763c000-7f64e7823000 r-xp 00000000 08:0b 921421                     /lib/x86_64-linux-gnu/libc-2.27.so
7f64e7823000-7f64e7a23000 ---p 001e7000 08:0b 921421                     /lib/x86_64-linux-gnu/libc-2.27.so
7f64e7a23000-7f64e7a27000 r--p 001e7000 08:0b 921421                     /lib/x86_64-linux-gnu/libc-2.27.so
7f64e7a27000-7f64e7a29000 rw-p 001eb000 08:0b 921421                     /lib/x86_64-linux-gnu/libc-2.27.so
7f64e7a29000-7f64e7a2d000 rw-p 00000000 00:00 0 
7f64e7a2d000-7f64e7a30000 r-xp 00000000 08:0b 921444                     /lib/x86_64-linux-gnu/libdl-2.27.so
7f64e7a30000-7f64e7c2f000 ---p 00003000 08:0b 921444                     /lib/x86_64-linux-gnu/libdl-2.27.so
7f64e7c2f000-7f64e7c30000 r--p 00002000 08:0b 921444                     /lib/x86_64-linux-gnu/libdl-2.27.so
7f64e7c30000-7f64e7c31000 rw-p 00003000 08:0b 921444                     /lib/x86_64-linux-gnu/libdl-2.27.so
7f64e7c31000-7f64e7c3f000 r-xp 00000000 08:0b 1444752                    /usr/lib/jvm/java-10-oracle/lib/jli/libjli.so
7f64e7c3f000-7f64e7e3f000 ---p 0000e000 08:0b 1444752                    /usr/lib/jvm/java-10-oracle/lib/jli/libjli.so
7f64e7e3f000-7f64e7e40000 rw-p 0000e000 08:0b 1444752                    /usr/lib/jvm/java-10-oracle/lib/jli/libjli.so
7f64e7e40000-7f64e7e5a000 r-xp 00000000 08:0b 921554                     /lib/x86_64-linux-gnu/libpthread-2.27.so
7f64e7e5a000-7f64e8059000 ---p 0001a000 08:0b 921554                     /lib/x86_64-linux-gnu/libpthread-2.27.so
7f64e8059000-7f64e805a000 r--p 00019000 08:0b 921554                     /lib/x86_64-linux-gnu/libpthread-2.27.so
7f64e805a000-7f64e805b000 rw-p 0001a000 08:0b 921554                     /lib/x86_64-linux-gnu/libpthread-2.27.so
7f64e805b000-7f64e805f000 rw-p 00000000 00:00 0 
7f64e805f000-7f64e807b000 r-xp 00000000 08:0b 921593                     /lib/x86_64-linux-gnu/libz.so.1.2.11
7f64e807b000-7f64e827a000 ---p 0001c000 08:0b 921593                     /lib/x86_64-linux-gnu/libz.so.1.2.11
7f64e827a000-7f64e827b000 r--p 0001b000 08:0b 921593                     /lib/x86_64-linux-gnu/libz.so.1.2.11
7f64e827b000-7f64e827c000 rw-p 0001c000 08:0b 921593                     /lib/x86_64-linux-gnu/libz.so.1.2.11
7f64e827c000-7f64e82a3000 r-xp 00000000 08:0b 921393                     /lib/x86_64-linux-gnu/ld-2.27.so
7f64e82a3000-7f64e82b1000 r--s 00000000 08:0b 1578641                    /var/cache/fontconfig/9b89f8e3dae116d678bbf48e5f21f69b-le64.cache-7
7f64e82b1000-7f64e82bf000 r--s 00000000 08:0b 1575391                    /var/cache/fontconfig/e13b20fdb08344e0e664864cc2ede53d-le64.cache-7
7f64e82bf000-7f64e82c4000 r--p 00000000 08:0b 270198                     /home/nafee/.config/dconf/user (deleted)
7f64e82c4000-7f64e8382000 rw-p 00000000 00:00 0 
7f64e8382000-7f64e8386000 ---p 00000000 00:00 0 
7f64e8386000-7f64e8487000 rw-p 00000000 00:00 0 
7f64e8487000-7f64e8488000 r--s 00000000 08:0b 1578665                    /var/cache/fontconfig/f6e6e0a5c3d2f6ae0c0c2e0ecd42a997-le64.cache-7
7f64e8488000-7f64e8489000 r--s 00000000 08:0b 1578619                    /var/cache/fontconfig/4b2eda6bb976bda485cb2176619421d5-le64.cache-7
7f64e8489000-7f64e848b000 r--s 00000000 08:0b 1578633                    /var/cache/fontconfig/6afa1bb216ce958c1589e297e8008489-le64.cache-7
7f64e848b000-7f64e848c000 r--s 00000000 00:33 93                         /run/user/1000/snap.intellij-idea-ultimate/dconf/user
7f64e848c000-7f64e8492000 rw-p 00000000 00:00 0 
7f64e8492000-7f64e8499000 ---p 00000000 00:00 0 
7f64e8499000-7f64e84a1000 rw-s 00000000 08:0b 786731                     /tmp/hsperfdata_nafee/11808
7f64e84a1000-7f64e84a2000 ---p 00000000 00:00 0 
7f64e84a2000-7f64e84a3000 r--p 00000000 00:00 0 
7f64e84a3000-7f64e84a4000 r--p 00027000 08:0b 921393                     /lib/x86_64-linux-gnu/ld-2.27.so
7f64e84a4000-7f64e84a5000 rw-p 00028000 08:0b 921393                     /lib/x86_64-linux-gnu/ld-2.27.so
7f64e84a5000-7f64e84a6000 rw-p 00000000 00:00 0 
7ffd71101000-7ffd71122000 rw-p 00000000 00:00 0                          [stack]
7ffd711fa000-7ffd711fd000 r--p 00000000 00:00 0                          [vvar]
7ffd711fd000-7ffd711ff000 r-xp 00000000 00:00 0                          [vdso]
ffffffffff600000-ffffffffff601000 r-xp 00000000 00:00 0                  [vsyscall]


VM Arguments:
jvm_args: -ea -javaagent:/snap/intellij-idea-ultimate/64/lib/idea_rt.jar=37695:/snap/intellij-idea-ultimate/64/bin -Dfile.encoding=UTF-8 
java_command: driver.Driver
java_class_path (initial): /home/nafee/Desktop/Efficient-Server-Placing/Undergrad Thesis Code/out/production/Undergrad Thesis Code:/home/nafee/Desktop/Efficient-Server-Placing/jfreechart-1.0.19/lib/jcommon-1.0.23.jar:/home/nafee/Desktop/Efficient-Server-Placing/jfreechart-1.0.19/lib/jfreechart-1.0.19.jar
Launcher Type: SUN_STANDARD

Logging:
Log output configuration:
#0: stdout all=warning uptime,level,tags
#1: stderr all=off uptime,level,tags

Environment Variables:
JAVA_HOME=/usr/lib/jvm/java-10-oracle
PATH=/usr/local/sbin:/usr/local/bin:/usr/sbin:/usr/bin:/sbin:/bin:/usr/games:/usr/local/games:/snap/bin:/usr/lib/jvm/java-10-oracle/bin:/usr/lib/jvm/java-10-oracle/db/bin
USERNAME=nafee
SHELL=/bin/bash
DISPLAY=:0

Signal Handlers:
SIGSEGV: [libjvm.so+0xdf6210], sa_mask[0]=11111111011111111101111111111110, sa_flags=SA_RESTART|SA_SIGINFO
SIGBUS: [libjvm.so+0xdf6210], sa_mask[0]=11111111011111111101111111111110, sa_flags=SA_RESTART|SA_SIGINFO
SIGFPE: [libjvm.so+0xdf6210], sa_mask[0]=11111111011111111101111111111110, sa_flags=SA_RESTART|SA_SIGINFO
SIGPIPE: SIG_IGN, sa_mask[0]=00000000000010000000000000000000, sa_flags=SA_RESTART
SIGXFSZ: [libjvm.so+0xbfbe70], sa_mask[0]=11111111011111111101111111111110, sa_flags=SA_RESTART|SA_SIGINFO
SIGILL: [libjvm.so+0xdf6210], sa_mask[0]=11111111011111111101111111111110, sa_flags=SA_RESTART|SA_SIGINFO
SIGUSR2: [libjvm.so+0xbfc200], sa_mask[0]=00100000000000000000000000000000, sa_flags=SA_RESTART|SA_SIGINFO
SIGHUP: [libjvm.so+0xbfc190], sa_mask[0]=11111111011111111101111111111110, sa_flags=SA_RESTART|SA_SIGINFO
SIGINT: [libjvm.so+0xbfc190], sa_mask[0]=11111111011111111101111111111110, sa_flags=SA_RESTART|SA_SIGINFO
SIGTERM: [libjvm.so+0xbfc190], sa_mask[0]=11111111011111111101111111111110, sa_flags=SA_RESTART|SA_SIGINFO
SIGQUIT: [libjvm.so+0xbfc190], sa_mask[0]=11111111011111111101111111111110, sa_flags=SA_RESTART|SA_SIGINFO


---------------  S Y S T E M  ---------------

OS:DISTRIB_ID=Ubuntu
DISTRIB_RELEASE=18.04
DISTRIB_CODENAME=bionic
DISTRIB_DESCRIPTION="Ubuntu 18.04 LTS"
uname:Linux 4.15.0-24-generic #26-Ubuntu SMP Wed Jun 13 08:44:47 UTC 2018 x86_64
libc:glibc 2.27 NPTL 2.27 
rlimit: STACK 8192k, CORE 0k, NPROC 31067, NOFILE 1048576, AS infinity, DATA infinity, FSIZE infinity
load average:4.15 6.21 4.47

/proc/meminfo:
MemTotal:        8090300 kB
MemFree:          124760 kB
MemAvailable:      58504 kB
Buffers:            3872 kB
Cached:           606020 kB
SwapCached:         3836 kB
Active:          6692436 kB
Inactive:         908060 kB
Active(anon):    6651940 kB
Inactive(anon):   868024 kB
Active(file):      40496 kB
Inactive(file):    40036 kB
Unevictable:          32 kB
Mlocked:              32 kB
SwapTotal:       1717168 kB
SwapFree:              0 kB
Dirty:               620 kB
Writeback:             0 kB
AnonPages:       6987420 kB
Mapped:           306332 kB
Shmem:            529088 kB
Slab:             155676 kB
SReclaimable:      64616 kB
SUnreclaim:        91060 kB
KernelStack:       15152 kB
PageTables:        91756 kB
NFS_Unstable:          0 kB
Bounce:                0 kB
WritebackTmp:          0 kB
CommitLimit:     5762316 kB
Committed_AS:   19089012 kB
VmallocTotal:   34359738367 kB
VmallocUsed:           0 kB
VmallocChunk:          0 kB
HardwareCorrupted:     0 kB
AnonHugePages:         0 kB
ShmemHugePages:        0 kB
ShmemPmdMapped:        0 kB
CmaTotal:              0 kB
CmaFree:               0 kB
HugePages_Total:       0
HugePages_Free:        0
HugePages_Rsvd:        0
HugePages_Surp:        0
Hugepagesize:       2048 kB
DirectMap4k:     2892544 kB
DirectMap2M:     5419008 kB
DirectMap1G:     1048576 kB

container (cgroup) information:
container_type: cgroupv1
cpu_cpuset_cpus: 0-3
cpu_memory_nodes: 0
active_processor_count: 4
cpu_quota: -1
cpu_period: 100000
cpu_shares: -1
memory_limit_in_bytes: -1
memory_and_swap_limit_in_bytes: -2
memory_soft_limit_in_bytes: -1
memory_usage_in_bytes: 7782592512
memory_max_usage_in_bytes: 1296306176


CPU:total 4 (initial active 4) (2 cores per cpu, 2 threads per core) family 6 model 69 stepping 1, cmov, cx8, fxsr, mmx, sse, sse2, sse3, ssse3, sse4.1, sse4.2, popcnt, avx, avx2, aes, clmul, erms, lzcnt, ht, tsc, tscinvbit, bmi1, bmi2, fma
CPU Model and flags from /proc/cpuinfo:
model name	: Intel(R) Core(TM) i3-4030U CPU @ 1.90GHz
flags		: fpu vme de pse tsc msr pae mce cx8 apic sep mtrr pge mca cmov pat pse36 clflush dts acpi mmx fxsr sse sse2 ss ht tm pbe syscall nx pdpe1gb rdtscp lm constant_tsc arch_perfmon pebs bts rep_good nopl xtopology nonstop_tsc cpuid aperfmperf pni pclmulqdq dtes64 monitor ds_cpl vmx est tm2 ssse3 sdbg fma cx16 xtpr pdcm pcid sse4_1 sse4_2 x2apic movbe popcnt tsc_deadline_timer aes xsave avx f16c rdrand lahf_lm abm cpuid_fault epb invpcid_single pti ibrs ibpb stibp tpr_shadow vnmi flexpriority ept vpid fsgsbase tsc_adjust bmi1 avx2 smep bmi2 erms invpcid xsaveopt dtherm ida arat pln pts

Memory: 4k page, physical 8090300k(124760k free), swap 1717168k(0k free)

vm_info: Java HotSpot(TM) 64-Bit Server VM (10.0.2+13) for linux-amd64 JRE (10.0.2+13), built on Jun 27 2018 17:51:35 by "mach5one" with gcc 4.9.2

END.
